{"/Users/monpro/Desktop/git_warehouse/mon-axios/src/default.ts": {"path":"/Users/monpro/Desktop/git_warehouse/mon-axios/src/default.ts","statementMap":{"0":{"start":{"line":2,"column":0},"end":{"line":2,"column":68}},"1":{"start":{"line":3,"column":0},"end":{"line":3,"column":50}},"2":{"start":{"line":5,"column":37},"end":{"line":33,"column":null}},"3":{"start":{"line":16,"column":6},"end":{"line":16,"column":null}},"4":{"start":{"line":17,"column":6},"end":{"line":17,"column":null}},"5":{"start":{"line":23,"column":6},"end":{"line":23,"column":null}},"6":{"start":{"line":31,"column":4},"end":{"line":31,"column":null}},"7":{"start":{"line":35,"column":22},"end":{"line":35,"column":58}},"8":{"start":{"line":37,"column":0},"end":{"line":39,"column":null}},"9":{"start":{"line":38,"column":2},"end":{"line":38,"column":null}},"10":{"start":{"line":41,"column":24},"end":{"line":41,"column":48}},"11":{"start":{"line":43,"column":0},"end":{"line":47,"column":null}},"12":{"start":{"line":44,"column":2},"end":{"line":46,"column":null}},"13":{"start":{"line":49,"column":0},"end":{"line":49,"column":null}}},"fnMap":{"0":{"name":"(anonymous_0)","decl":{"start":{"line":15,"column":4},"end":{"line":15,"column":13}},"loc":{"start":{"line":15,"column":36},"end":{"line":18,"column":5}}},"1":{"name":"(anonymous_1)","decl":{"start":{"line":22,"column":4},"end":{"line":22,"column":13}},"loc":{"start":{"line":22,"column":22},"end":{"line":24,"column":5}}},"2":{"name":"(anonymous_2)","decl":{"start":{"line":30,"column":2},"end":{"line":30,"column":16}},"loc":{"start":{"line":30,"column":31},"end":{"line":32,"column":3}}},"3":{"name":"(anonymous_3)","decl":{"start":{"line":37,"column":22},"end":{"line":37,"column":28}},"loc":{"start":{"line":37,"column":28},"end":{"line":39,"column":1}}},"4":{"name":"(anonymous_4)","decl":{"start":{"line":43,"column":24},"end":{"line":43,"column":30}},"loc":{"start":{"line":43,"column":30},"end":{"line":47,"column":1}}}},"branchMap":{"0":{"loc":{"start":{"line":31,"column":11},"end":{"line":31,"column":24}},"type":"binary-expr","locations":[{"start":{"line":31,"column":11},"end":{"line":31,"column":24}},{"start":{"line":31,"column":28},"end":{"line":31,"column":40}}]}},"s":{"0":0,"1":0,"2":0,"3":0,"4":0,"5":0,"6":0,"7":0,"8":0,"9":0,"10":0,"11":0,"12":0,"13":0},"f":{"0":0,"1":0,"2":0,"3":0,"4":0},"b":{"0":[0,0]}}
,"/Users/monpro/Desktop/git_warehouse/mon-axios/src/index.ts": {"path":"/Users/monpro/Desktop/git_warehouse/mon-axios/src/index.ts","statementMap":{"0":{"start":{"line":2,"column":0},"end":{"line":2,"column":32}},"1":{"start":{"line":3,"column":0},"end":{"line":3,"column":39}},"2":{"start":{"line":4,"column":0},"end":{"line":4,"column":32}},"3":{"start":{"line":5,"column":0},"end":{"line":5,"column":44}},"4":{"start":{"line":8,"column":20},"end":{"line":8,"column":37}},"5":{"start":{"line":9,"column":19},"end":{"line":9,"column":58}},"6":{"start":{"line":11,"column":2},"end":{"line":11,"column":null}},"7":{"start":{"line":13,"column":2},"end":{"line":13,"column":null}},"8":{"start":{"line":16,"column":14},"end":{"line":16,"column":43}},"9":{"start":{"line":18,"column":0},"end":{"line":20,"column":null}},"10":{"start":{"line":19,"column":2},"end":{"line":19,"column":null}},"11":{"start":{"line":22,"column":0},"end":{"line":24,"column":null}},"12":{"start":{"line":23,"column":2},"end":{"line":23,"column":null}},"13":{"start":{"line":26,"column":0},"end":{"line":30,"column":null}},"14":{"start":{"line":27,"column":2},"end":{"line":29,"column":null}},"15":{"start":{"line":28,"column":4},"end":{"line":28,"column":null}},"16":{"start":{"line":32,"column":0},"end":{"line":32,"column":null}}},"fnMap":{"0":{"name":"createAxiosInstance","decl":{"start":{"line":7,"column":9},"end":{"line":7,"column":28}},"loc":{"start":{"line":7,"column":55},"end":{"line":14,"column":1}}},"1":{"name":"create","decl":{"start":{"line":18,"column":24},"end":{"line":18,"column":30}},"loc":{"start":{"line":18,"column":69},"end":{"line":20,"column":1}}},"2":{"name":"all","decl":{"start":{"line":22,"column":21},"end":{"line":22,"column":24}},"loc":{"start":{"line":22,"column":33},"end":{"line":24,"column":1}}},"3":{"name":"spread","decl":{"start":{"line":26,"column":24},"end":{"line":26,"column":30}},"loc":{"start":{"line":26,"column":39},"end":{"line":30,"column":1}}},"4":{"name":"wrap","decl":{"start":{"line":27,"column":18},"end":{"line":27,"column":22}},"loc":{"start":{"line":27,"column":26},"end":{"line":29,"column":3}}}},"branchMap":{},"s":{"0":0,"1":0,"2":0,"3":0,"4":0,"5":0,"6":0,"7":0,"8":0,"9":0,"10":0,"11":0,"12":0,"13":0,"14":0,"15":0,"16":0},"f":{"0":0,"1":0,"2":0,"3":0,"4":0},"b":{}}
,"/Users/monpro/Desktop/git_warehouse/mon-axios/src/cancel/Cancel.ts": {"path":"/Users/monpro/Desktop/git_warehouse/mon-axios/src/cancel/Cancel.ts","statementMap":{"0":{"start":{"line":1,"column":0},"end":{"line":1,"column":null}},"1":{"start":{"line":5,"column":4},"end":{"line":5,"column":null}},"2":{"start":{"line":7,"column":0},"end":{"line":7,"column":null}},"3":{"start":{"line":10,"column":2},"end":{"line":10,"column":null}},"4":{"start":{"line":9,"column":0},"end":{"line":9,"column":16}}},"fnMap":{"0":{"name":"(anonymous_0)","decl":{"start":{"line":1,"column":0},"end":{"line":1,"column":null}},"loc":{"start":{"line":1,"column":0},"end":{"line":7,"column":null}}},"1":{"name":"Cancel","decl":{"start":{"line":4,"column":2},"end":{"line":4,"column":14}},"loc":{"start":{"line":4,"column":30},"end":{"line":6,"column":3}}},"2":{"name":"isCancel","decl":{"start":{"line":9,"column":16},"end":{"line":9,"column":24}},"loc":{"start":{"line":9,"column":35},"end":{"line":11,"column":1}}}},"branchMap":{},"s":{"0":0,"1":0,"2":0,"3":0,"4":0},"f":{"0":0,"1":0,"2":0},"b":{}}
,"/Users/monpro/Desktop/git_warehouse/mon-axios/src/cancel/cancelToken.ts": {"path":"/Users/monpro/Desktop/git_warehouse/mon-axios/src/cancel/cancelToken.ts","statementMap":{"0":{"start":{"line":2,"column":0},"end":{"line":2,"column":29}},"1":{"start":{"line":8,"column":0},"end":{"line":8,"column":null}},"2":{"start":{"line":11,"column":2},"end":{"line":11,"column":14}},"3":{"start":{"line":14,"column":4},"end":{"line":16,"column":null}},"4":{"start":{"line":15,"column":6},"end":{"line":15,"column":null}},"5":{"start":{"line":17,"column":4},"end":{"line":23,"column":null}},"6":{"start":{"line":18,"column":6},"end":{"line":20,"column":null}},"7":{"start":{"line":19,"column":8},"end":{"line":19,"column":14}},"8":{"start":{"line":21,"column":6},"end":{"line":21,"column":null}},"9":{"start":{"line":22,"column":6},"end":{"line":22,"column":null}},"10":{"start":{"line":26,"column":9},"end":{"line":35,"column":null}},"11":{"start":{"line":28,"column":18},"end":{"line":30,"column":6}},"12":{"start":{"line":29,"column":6},"end":{"line":29,"column":null}},"13":{"start":{"line":31,"column":4},"end":{"line":34,"column":null}},"14":{"start":{"line":36,"column":0},"end":{"line":36,"column":null}}},"fnMap":{"0":{"name":"(anonymous_0)","decl":{"start":{"line":8,"column":0},"end":{"line":8,"column":null}},"loc":{"start":{"line":8,"column":0},"end":{"line":36,"column":null}}},"1":{"name":"CancelToken","decl":{"start":{"line":11,"column":2},"end":{"line":11,"column":14}},"loc":{"start":{"line":11,"column":39},"end":{"line":24,"column":3}}},"2":{"name":"(anonymous_2)","decl":{"start":{"line":14,"column":39},"end":{"line":14,"column":46}},"loc":{"start":{"line":14,"column":46},"end":{"line":16,"column":5}}},"3":{"name":"(anonymous_3)","decl":{"start":{"line":17,"column":14},"end":{"line":17,"column":21}},"loc":{"start":{"line":17,"column":21},"end":{"line":23,"column":5}}},"4":{"name":"(anonymous_4)","decl":{"start":{"line":26,"column":2},"end":{"line":26,"column":9}},"loc":{"start":{"line":26,"column":2},"end":{"line":35,"column":3}}},"5":{"name":"(anonymous_5)","decl":{"start":{"line":28,"column":34},"end":{"line":28,"column":35}},"loc":{"start":{"line":28,"column":35},"end":{"line":30,"column":5}}}},"branchMap":{"0":{"loc":{"start":{"line":18,"column":6},"end":{"line":20,"column":null}},"type":"if","locations":[{"start":{"line":18,"column":6},"end":{"line":20,"column":null}},{"start":{"line":18,"column":6},"end":{"line":20,"column":null}}]}},"s":{"0":0,"1":0,"2":0,"3":0,"4":0,"5":0,"6":0,"7":0,"8":0,"9":0,"10":0,"11":0,"12":0,"13":0,"14":0},"f":{"0":0,"1":0,"2":0,"3":0,"4":0,"5":0},"b":{"0":[0,0]}}
,"/Users/monpro/Desktop/git_warehouse/mon-axios/src/core/Axios.ts": {"path":"/Users/monpro/Desktop/git_warehouse/mon-axios/src/core/Axios.ts","statementMap":{"0":{"start":{"line":9,"column":0},"end":{"line":9,"column":65}},"1":{"start":{"line":10,"column":0},"end":{"line":10,"column":53}},"2":{"start":{"line":11,"column":0},"end":{"line":11,"column":39}},"3":{"start":{"line":22,"column":0},"end":{"line":22,"column":null}},"4":{"start":{"line":27,"column":4},"end":{"line":27,"column":null}},"5":{"start":{"line":28,"column":4},"end":{"line":31,"column":null}},"6":{"start":{"line":34,"column":2},"end":{"line":70,"column":null}},"7":{"start":{"line":35,"column":4},"end":{"line":42,"column":null}},"8":{"start":{"line":36,"column":6},"end":{"line":38,"column":null}},"9":{"start":{"line":37,"column":8},"end":{"line":37,"column":null}},"10":{"start":{"line":39,"column":6},"end":{"line":39,"column":null}},"11":{"start":{"line":41,"column":6},"end":{"line":41,"column":null}},"12":{"start":{"line":44,"column":4},"end":{"line":44,"column":null}},"13":{"start":{"line":45,"column":4},"end":{"line":45,"column":null}},"14":{"start":{"line":47,"column":39},"end":{"line":52,"column":null}},"15":{"start":{"line":54,"column":4},"end":{"line":56,"column":null}},"16":{"start":{"line":55,"column":6},"end":{"line":55,"column":null}},"17":{"start":{"line":58,"column":4},"end":{"line":60,"column":null}},"18":{"start":{"line":59,"column":6},"end":{"line":59,"column":null}},"19":{"start":{"line":62,"column":18},"end":{"line":62,"column":41}},"20":{"start":{"line":64,"column":4},"end":{"line":67,"column":null}},"21":{"start":{"line":65,"column":12},"end":{"line":65,"column":14}},"22":{"start":{"line":65,"column":14},"end":{"line":65,"column":22}},"23":{"start":{"line":65,"column":24},"end":{"line":65,"column":51}},"24":{"start":{"line":66,"column":6},"end":{"line":66,"column":null}},"25":{"start":{"line":69,"column":4},"end":{"line":69,"column":null}},"26":{"start":{"line":72,"column":2},"end":{"line":74,"column":null}},"27":{"start":{"line":73,"column":4},"end":{"line":73,"column":null}},"28":{"start":{"line":76,"column":2},"end":{"line":78,"column":null}},"29":{"start":{"line":77,"column":4},"end":{"line":77,"column":null}},"30":{"start":{"line":80,"column":2},"end":{"line":82,"column":null}},"31":{"start":{"line":81,"column":4},"end":{"line":81,"column":null}},"32":{"start":{"line":84,"column":2},"end":{"line":86,"column":null}},"33":{"start":{"line":85,"column":4},"end":{"line":85,"column":null}},"34":{"start":{"line":88,"column":2},"end":{"line":90,"column":null}},"35":{"start":{"line":89,"column":4},"end":{"line":89,"column":null}},"36":{"start":{"line":92,"column":2},"end":{"line":94,"column":null}},"37":{"start":{"line":93,"column":4},"end":{"line":93,"column":null}},"38":{"start":{"line":96,"column":2},"end":{"line":98,"column":null}},"39":{"start":{"line":97,"column":4},"end":{"line":97,"column":null}},"40":{"start":{"line":100,"column":2},"end":{"line":103,"column":null}},"41":{"start":{"line":101,"column":4},"end":{"line":101,"column":null}},"42":{"start":{"line":102,"column":4},"end":{"line":102,"column":null}},"43":{"start":{"line":105,"column":2},"end":{"line":116,"column":null}},"44":{"start":{"line":110,"column":4},"end":{"line":115,"column":null}},"45":{"start":{"line":118,"column":2},"end":{"line":131,"column":null}},"46":{"start":{"line":124,"column":4},"end":{"line":130,"column":null}},"47":{"start":{"line":132,"column":0},"end":{"line":132,"column":null}}},"fnMap":{"0":{"name":"(anonymous_0)","decl":{"start":{"line":22,"column":0},"end":{"line":22,"column":null}},"loc":{"start":{"line":22,"column":0},"end":{"line":132,"column":null}}},"1":{"name":"Axios","decl":{"start":{"line":26,"column":2},"end":{"line":26,"column":14}},"loc":{"start":{"line":26,"column":44},"end":{"line":32,"column":3}}},"2":{"name":"(anonymous_2)","decl":{"start":{"line":34,"column":2},"end":{"line":34,"column":9}},"loc":{"start":{"line":34,"column":32},"end":{"line":70,"column":3}}},"3":{"name":"(anonymous_3)","decl":{"start":{"line":54,"column":38},"end":{"line":54,"column":49}},"loc":{"start":{"line":54,"column":49},"end":{"line":56,"column":5}}},"4":{"name":"(anonymous_4)","decl":{"start":{"line":58,"column":39},"end":{"line":58,"column":50}},"loc":{"start":{"line":58,"column":50},"end":{"line":60,"column":5}}},"5":{"name":"(anonymous_5)","decl":{"start":{"line":72,"column":2},"end":{"line":72,"column":5}},"loc":{"start":{"line":72,"column":46},"end":{"line":74,"column":3}}},"6":{"name":"(anonymous_6)","decl":{"start":{"line":76,"column":2},"end":{"line":76,"column":8}},"loc":{"start":{"line":76,"column":49},"end":{"line":78,"column":3}}},"7":{"name":"(anonymous_7)","decl":{"start":{"line":80,"column":2},"end":{"line":80,"column":6}},"loc":{"start":{"line":80,"column":47},"end":{"line":82,"column":3}}},"8":{"name":"(anonymous_8)","decl":{"start":{"line":84,"column":2},"end":{"line":84,"column":9}},"loc":{"start":{"line":84,"column":50},"end":{"line":86,"column":3}}},"9":{"name":"(anonymous_9)","decl":{"start":{"line":88,"column":2},"end":{"line":88,"column":6}},"loc":{"start":{"line":88,"column":59},"end":{"line":90,"column":3}}},"10":{"name":"(anonymous_10)","decl":{"start":{"line":92,"column":2},"end":{"line":92,"column":5}},"loc":{"start":{"line":92,"column":58},"end":{"line":94,"column":3}}},"11":{"name":"(anonymous_11)","decl":{"start":{"line":96,"column":2},"end":{"line":96,"column":7}},"loc":{"start":{"line":96,"column":60},"end":{"line":98,"column":3}}},"12":{"name":"(anonymous_12)","decl":{"start":{"line":100,"column":2},"end":{"line":100,"column":8}},"loc":{"start":{"line":100,"column":36},"end":{"line":103,"column":3}}},"13":{"name":"(anonymous_13)","decl":{"start":{"line":105,"column":2},"end":{"line":105,"column":27}},"loc":{"start":{"line":108,"column":31},"end":{"line":116,"column":3}}},"14":{"name":"(anonymous_14)","decl":{"start":{"line":118,"column":2},"end":{"line":118,"column":24}},"loc":{"start":{"line":122,"column":31},"end":{"line":131,"column":3}}}},"branchMap":{"0":{"loc":{"start":{"line":35,"column":4},"end":{"line":42,"column":null}},"type":"if","locations":[{"start":{"line":35,"column":4},"end":{"line":42,"column":null}},{"start":{"line":35,"column":4},"end":{"line":42,"column":null}}]},"1":{"loc":{"start":{"line":36,"column":6},"end":{"line":38,"column":null}},"type":"if","locations":[{"start":{"line":36,"column":6},"end":{"line":38,"column":null}},{"start":{"line":36,"column":6},"end":{"line":38,"column":null}}]},"2":{"loc":{"start":{"line":111,"column":20},"end":{"line":111,"column":26}},"type":"binary-expr","locations":[{"start":{"line":111,"column":20},"end":{"line":111,"column":26}},{"start":{"line":111,"column":30},"end":{"line":111,"column":32}}]},"3":{"loc":{"start":{"line":125,"column":20},"end":{"line":125,"column":26}},"type":"binary-expr","locations":[{"start":{"line":125,"column":20},"end":{"line":125,"column":26}},{"start":{"line":125,"column":30},"end":{"line":125,"column":32}}]}},"s":{"0":0,"1":0,"2":0,"3":0,"4":0,"5":0,"6":0,"7":0,"8":0,"9":0,"10":0,"11":0,"12":0,"13":0,"14":0,"15":0,"16":0,"17":0,"18":0,"19":0,"20":0,"21":0,"22":0,"23":0,"24":0,"25":0,"26":0,"27":0,"28":0,"29":0,"30":0,"31":0,"32":0,"33":0,"34":0,"35":0,"36":0,"37":0,"38":0,"39":0,"40":0,"41":0,"42":0,"43":0,"44":0,"45":0,"46":0,"47":0},"f":{"0":0,"1":0,"2":0,"3":0,"4":0,"5":0,"6":0,"7":0,"8":0,"9":0,"10":0,"11":0,"12":0,"13":0,"14":0},"b":{"0":[0,0],"1":[0,0],"2":[0,0],"3":[0,0]}}
,"/Users/monpro/Desktop/git_warehouse/mon-axios/src/core/InterceptorManager.ts": {"path":"/Users/monpro/Desktop/git_warehouse/mon-axios/src/core/InterceptorManager.ts","statementMap":{"0":{"start":{"line":8,"column":0},"end":{"line":8,"column":null}},"1":{"start":{"line":11,"column":4},"end":{"line":11,"column":null}},"2":{"start":{"line":14,"column":2},"end":{"line":21,"column":null}},"3":{"start":{"line":15,"column":4},"end":{"line":18,"column":null}},"4":{"start":{"line":20,"column":4},"end":{"line":20,"column":null}},"5":{"start":{"line":23,"column":2},"end":{"line":29,"column":null}},"6":{"start":{"line":24,"column":4},"end":{"line":28,"column":null}},"7":{"start":{"line":25,"column":6},"end":{"line":27,"column":null}},"8":{"start":{"line":26,"column":8},"end":{"line":26,"column":null}},"9":{"start":{"line":31,"column":2},"end":{"line":35,"column":null}},"10":{"start":{"line":32,"column":4},"end":{"line":34,"column":null}},"11":{"start":{"line":33,"column":6},"end":{"line":33,"column":null}},"12":{"start":{"line":36,"column":0},"end":{"line":36,"column":null}}},"fnMap":{"0":{"name":"(anonymous_0)","decl":{"start":{"line":8,"column":0},"end":{"line":8,"column":null}},"loc":{"start":{"line":8,"column":0},"end":{"line":36,"column":null}}},"1":{"name":"InterceptorManager","decl":{"start":{"line":10,"column":2},"end":{"line":10,"column":null}},"loc":{"start":{"line":10,"column":2},"end":{"line":12,"column":3}}},"2":{"name":"(anonymous_2)","decl":{"start":{"line":14,"column":2},"end":{"line":14,"column":5}},"loc":{"start":{"line":14,"column":52},"end":{"line":21,"column":3}}},"3":{"name":"(anonymous_3)","decl":{"start":{"line":23,"column":2},"end":{"line":23,"column":9}},"loc":{"start":{"line":23,"column":51},"end":{"line":29,"column":3}}},"4":{"name":"(anonymous_4)","decl":{"start":{"line":24,"column":30},"end":{"line":24,"column":41}},"loc":{"start":{"line":24,"column":41},"end":{"line":28,"column":5}}},"5":{"name":"(anonymous_5)","decl":{"start":{"line":31,"column":2},"end":{"line":31,"column":7}},"loc":{"start":{"line":31,"column":18},"end":{"line":35,"column":3}}}},"branchMap":{"0":{"loc":{"start":{"line":25,"column":6},"end":{"line":27,"column":null}},"type":"if","locations":[{"start":{"line":25,"column":6},"end":{"line":27,"column":null}},{"start":{"line":25,"column":6},"end":{"line":27,"column":null}}]},"1":{"loc":{"start":{"line":32,"column":4},"end":{"line":34,"column":null}},"type":"if","locations":[{"start":{"line":32,"column":4},"end":{"line":34,"column":null}},{"start":{"line":32,"column":4},"end":{"line":34,"column":null}}]}},"s":{"0":0,"1":0,"2":0,"3":0,"4":0,"5":0,"6":0,"7":0,"8":0,"9":0,"10":0,"11":0,"12":0},"f":{"0":0,"1":0,"2":0,"3":0,"4":0,"5":0},"b":{"0":[0,0],"1":[0,0]}}
,"/Users/monpro/Desktop/git_warehouse/mon-axios/src/core/dispatchRequest.ts": {"path":"/Users/monpro/Desktop/git_warehouse/mon-axios/src/core/dispatchRequest.ts","statementMap":{"0":{"start":{"line":2,"column":0},"end":{"line":2,"column":23}},"1":{"start":{"line":4,"column":0},"end":{"line":4,"column":41}},"2":{"start":{"line":5,"column":0},"end":{"line":5,"column":51}},"3":{"start":{"line":6,"column":0},"end":{"line":6,"column":35}},"4":{"start":{"line":7,"column":0},"end":{"line":7,"column":59}},"5":{"start":{"line":12,"column":2},"end":{"line":12,"column":null}},"6":{"start":{"line":13,"column":2},"end":{"line":23,"column":null}},"7":{"start":{"line":15,"column":6},"end":{"line":15,"column":null}},"8":{"start":{"line":18,"column":6},"end":{"line":20,"column":null}},"9":{"start":{"line":19,"column":8},"end":{"line":19,"column":null}},"10":{"start":{"line":21,"column":6},"end":{"line":21,"column":null}},"11":{"start":{"line":9,"column":0},"end":{"line":9,"column":24}},"12":{"start":{"line":27,"column":2},"end":{"line":27,"column":null}},"13":{"start":{"line":28,"column":2},"end":{"line":28,"column":null}},"14":{"start":{"line":29,"column":2},"end":{"line":29,"column":null}},"15":{"start":{"line":33,"column":8},"end":{"line":33,"column":11}},"16":{"start":{"line":33,"column":13},"end":{"line":33,"column":19}},"17":{"start":{"line":33,"column":21},"end":{"line":33,"column":37}},"18":{"start":{"line":33,"column":39},"end":{"line":33,"column":46}},"19":{"start":{"line":34,"column":2},"end":{"line":36,"column":null}},"20":{"start":{"line":35,"column":4},"end":{"line":35,"column":null}},"21":{"start":{"line":37,"column":2},"end":{"line":37,"column":null}},"22":{"start":{"line":32,"column":0},"end":{"line":32,"column":16}},"23":{"start":{"line":41,"column":2},"end":{"line":41,"column":null}},"24":{"start":{"line":42,"column":2},"end":{"line":42,"column":null}}},"fnMap":{"0":{"name":"dispatchRequest","decl":{"start":{"line":9,"column":24},"end":{"line":9,"column":39}},"loc":{"start":{"line":10,"column":28},"end":{"line":24,"column":1}}},"1":{"name":"(anonymous_1)","decl":{"start":{"line":14,"column":4},"end":{"line":14,"column":7}},"loc":{"start":{"line":14,"column":7},"end":{"line":16,"column":5}}},"2":{"name":"(anonymous_2)","decl":{"start":{"line":17,"column":4},"end":{"line":17,"column":5}},"loc":{"start":{"line":17,"column":5},"end":{"line":22,"column":5}}},"3":{"name":"processConfig","decl":{"start":{"line":26,"column":9},"end":{"line":26,"column":22}},"loc":{"start":{"line":26,"column":49},"end":{"line":30,"column":1}}},"4":{"name":"transformURL","decl":{"start":{"line":32,"column":16},"end":{"line":32,"column":28}},"loc":{"start":{"line":32,"column":55},"end":{"line":38,"column":1}}},"5":{"name":"transformResponseData","decl":{"start":{"line":40,"column":9},"end":{"line":40,"column":30}},"loc":{"start":{"line":40,"column":49},"end":{"line":43,"column":1}}}},"branchMap":{"0":{"loc":{"start":{"line":18,"column":6},"end":{"line":20,"column":null}},"type":"if","locations":[{"start":{"line":18,"column":6},"end":{"line":20,"column":null}},{"start":{"line":18,"column":6},"end":{"line":20,"column":null}}]},"1":{"loc":{"start":{"line":18,"column":10},"end":{"line":18,"column":11}},"type":"binary-expr","locations":[{"start":{"line":18,"column":10},"end":{"line":18,"column":11}},{"start":{"line":18,"column":15},"end":{"line":18,"column":25}}]},"2":{"loc":{"start":{"line":34,"column":2},"end":{"line":36,"column":null}},"type":"if","locations":[{"start":{"line":34,"column":2},"end":{"line":36,"column":null}},{"start":{"line":34,"column":2},"end":{"line":36,"column":null}}]},"3":{"loc":{"start":{"line":34,"column":6},"end":{"line":34,"column":13}},"type":"binary-expr","locations":[{"start":{"line":34,"column":6},"end":{"line":34,"column":13}},{"start":{"line":34,"column":17},"end":{"line":34,"column":37}}]}},"s":{"0":0,"1":0,"2":0,"3":0,"4":0,"5":0,"6":0,"7":0,"8":0,"9":0,"10":0,"11":0,"12":0,"13":0,"14":0,"15":0,"16":0,"17":0,"18":0,"19":0,"20":0,"21":0,"22":0,"23":0,"24":0},"f":{"0":0,"1":0,"2":0,"3":0,"4":0,"5":0},"b":{"0":[0,0],"1":[0,0],"2":[0,0],"3":[0,0]}}
,"/Users/monpro/Desktop/git_warehouse/mon-axios/src/core/mergeConfig.ts": {"path":"/Users/monpro/Desktop/git_warehouse/mon-axios/src/core/mergeConfig.ts","statementMap":{"0":{"start":{"line":2,"column":0},"end":{"line":2,"column":58}},"1":{"start":{"line":4,"column":15},"end":{"line":4,"column":34}},"2":{"start":{"line":7,"column":2},"end":{"line":7,"column":null}},"3":{"start":{"line":11,"column":2},"end":{"line":13,"column":null}},"4":{"start":{"line":12,"column":4},"end":{"line":12,"column":null}},"5":{"start":{"line":17,"column":2},"end":{"line":25,"column":null}},"6":{"start":{"line":18,"column":4},"end":{"line":18,"column":null}},"7":{"start":{"line":19,"column":9},"end":{"line":25,"column":null}},"8":{"start":{"line":20,"column":4},"end":{"line":20,"column":null}},"9":{"start":{"line":21,"column":9},"end":{"line":25,"column":null}},"10":{"start":{"line":22,"column":4},"end":{"line":22,"column":null}},"11":{"start":{"line":24,"column":4},"end":{"line":24,"column":null}},"12":{"start":{"line":28,"column":26},"end":{"line":28,"column":51}},"13":{"start":{"line":30,"column":0},"end":{"line":32,"column":null}},"14":{"start":{"line":31,"column":2},"end":{"line":31,"column":null}},"15":{"start":{"line":34,"column":27},"end":{"line":34,"column":46}},"16":{"start":{"line":36,"column":0},"end":{"line":38,"column":null}},"17":{"start":{"line":37,"column":2},"end":{"line":37,"column":null}},"18":{"start":{"line":44,"column":2},"end":{"line":46,"column":null}},"19":{"start":{"line":45,"column":4},"end":{"line":45,"column":null}},"20":{"start":{"line":48,"column":17},"end":{"line":48,"column":36}},"21":{"start":{"line":50,"column":2},"end":{"line":52,"column":null}},"22":{"start":{"line":51,"column":4},"end":{"line":51,"column":null}},"23":{"start":{"line":54,"column":2},"end":{"line":58,"column":null}},"24":{"start":{"line":55,"column":4},"end":{"line":57,"column":null}},"25":{"start":{"line":56,"column":6},"end":{"line":56,"column":null}},"26":{"start":{"line":61,"column":18},"end":{"line":61,"column":45}},"27":{"start":{"line":62,"column":4},"end":{"line":62,"column":null}},"28":{"start":{"line":65,"column":2},"end":{"line":65,"column":null}},"29":{"start":{"line":40,"column":0},"end":{"line":40,"column":24}}},"fnMap":{"0":{"name":"defaultStrat","decl":{"start":{"line":6,"column":9},"end":{"line":6,"column":21}},"loc":{"start":{"line":6,"column":42},"end":{"line":8,"column":1}}},"1":{"name":"fromVal2Strat","decl":{"start":{"line":10,"column":9},"end":{"line":10,"column":22}},"loc":{"start":{"line":10,"column":43},"end":{"line":14,"column":1}}},"2":{"name":"deepMergeStrat","decl":{"start":{"line":16,"column":9},"end":{"line":16,"column":23}},"loc":{"start":{"line":16,"column":44},"end":{"line":26,"column":1}}},"3":{"name":"(anonymous_3)","decl":{"start":{"line":30,"column":26},"end":{"line":30,"column":29}},"loc":{"start":{"line":30,"column":29},"end":{"line":32,"column":1}}},"4":{"name":"(anonymous_4)","decl":{"start":{"line":36,"column":27},"end":{"line":36,"column":30}},"loc":{"start":{"line":36,"column":30},"end":{"line":38,"column":1}}},"5":{"name":"mergeConfig","decl":{"start":{"line":40,"column":24},"end":{"line":40,"column":35}},"loc":{"start":{"line":42,"column":30},"end":{"line":66,"column":1}}},"6":{"name":"mergeField","decl":{"start":{"line":60,"column":11},"end":{"line":60,"column":21}},"loc":{"start":{"line":60,"column":33},"end":{"line":63,"column":3}}}},"branchMap":{"0":{"loc":{"start":{"line":7,"column":39},"end":{"line":7,"column":43}},"type":"cond-expr","locations":[{"start":{"line":7,"column":39},"end":{"line":7,"column":43}},{"start":{"line":7,"column":46},"end":{"line":7,"column":50}}]},"1":{"loc":{"start":{"line":11,"column":2},"end":{"line":13,"column":null}},"type":"if","locations":[{"start":{"line":11,"column":2},"end":{"line":13,"column":null}},{"start":{"line":11,"column":2},"end":{"line":13,"column":null}}]},"2":{"loc":{"start":{"line":17,"column":2},"end":{"line":25,"column":null}},"type":"if","locations":[{"start":{"line":17,"column":2},"end":{"line":25,"column":null}},{"start":{"line":17,"column":2},"end":{"line":25,"column":null}}]},"3":{"loc":{"start":{"line":19,"column":9},"end":{"line":25,"column":null}},"type":"if","locations":[{"start":{"line":19,"column":9},"end":{"line":25,"column":null}},{"start":{"line":19,"column":9},"end":{"line":25,"column":null}}]},"4":{"loc":{"start":{"line":21,"column":9},"end":{"line":25,"column":null}},"type":"if","locations":[{"start":{"line":21,"column":9},"end":{"line":25,"column":null}},{"start":{"line":21,"column":9},"end":{"line":25,"column":null}}]},"5":{"loc":{"start":{"line":44,"column":2},"end":{"line":46,"column":null}},"type":"if","locations":[{"start":{"line":44,"column":2},"end":{"line":46,"column":null}},{"start":{"line":44,"column":2},"end":{"line":46,"column":null}}]},"6":{"loc":{"start":{"line":55,"column":4},"end":{"line":57,"column":null}},"type":"if","locations":[{"start":{"line":55,"column":4},"end":{"line":57,"column":null}},{"start":{"line":55,"column":4},"end":{"line":57,"column":null}}]},"7":{"loc":{"start":{"line":61,"column":18},"end":{"line":61,"column":29}},"type":"binary-expr","locations":[{"start":{"line":61,"column":18},"end":{"line":61,"column":29}},{"start":{"line":61,"column":33},"end":{"line":61,"column":45}}]}},"s":{"0":0,"1":0,"2":0,"3":0,"4":0,"5":0,"6":0,"7":0,"8":0,"9":0,"10":0,"11":0,"12":0,"13":0,"14":0,"15":0,"16":0,"17":0,"18":0,"19":0,"20":0,"21":0,"22":0,"23":0,"24":0,"25":0,"26":0,"27":0,"28":0,"29":0},"f":{"0":0,"1":0,"2":0,"3":0,"4":0,"5":0,"6":0},"b":{"0":[0,0],"1":[0,0],"2":[0,0],"3":[0,0],"4":[0,0],"5":[0,0],"6":[0,0],"7":[0,0]}}
,"/Users/monpro/Desktop/git_warehouse/mon-axios/src/core/transform.ts": {"path":"/Users/monpro/Desktop/git_warehouse/mon-axios/src/core/transform.ts","statementMap":{"0":{"start":{"line":8,"column":2},"end":{"line":10,"column":null}},"1":{"start":{"line":9,"column":4},"end":{"line":9,"column":null}},"2":{"start":{"line":11,"column":2},"end":{"line":13,"column":null}},"3":{"start":{"line":12,"column":4},"end":{"line":12,"column":null}},"4":{"start":{"line":14,"column":2},"end":{"line":16,"column":null}},"5":{"start":{"line":15,"column":4},"end":{"line":15,"column":null}},"6":{"start":{"line":17,"column":2},"end":{"line":17,"column":null}},"7":{"start":{"line":3,"column":0},"end":{"line":3,"column":24}}},"fnMap":{"0":{"name":"transform","decl":{"start":{"line":3,"column":24},"end":{"line":3,"column":33}},"loc":{"start":{"line":6,"column":45},"end":{"line":18,"column":1}}},"1":{"name":"(anonymous_1)","decl":{"start":{"line":14,"column":14},"end":{"line":14,"column":16}},"loc":{"start":{"line":14,"column":16},"end":{"line":16,"column":3}}}},"branchMap":{"0":{"loc":{"start":{"line":8,"column":2},"end":{"line":10,"column":null}},"type":"if","locations":[{"start":{"line":8,"column":2},"end":{"line":10,"column":null}},{"start":{"line":8,"column":2},"end":{"line":10,"column":null}}]},"1":{"loc":{"start":{"line":11,"column":2},"end":{"line":13,"column":null}},"type":"if","locations":[{"start":{"line":11,"column":2},"end":{"line":13,"column":null}},{"start":{"line":11,"column":2},"end":{"line":13,"column":null}}]}},"s":{"0":0,"1":0,"2":0,"3":0,"4":0,"5":0,"6":0,"7":0},"f":{"0":0,"1":0},"b":{"0":[0,0],"1":[0,0]}}
,"/Users/monpro/Desktop/git_warehouse/mon-axios/src/core/xhr.ts": {"path":"/Users/monpro/Desktop/git_warehouse/mon-axios/src/core/xhr.ts","statementMap":{"0":{"start":{"line":2,"column":0},"end":{"line":2,"column":65}},"1":{"start":{"line":3,"column":0},"end":{"line":3,"column":46}},"2":{"start":{"line":4,"column":0},"end":{"line":4,"column":48}},"3":{"start":{"line":5,"column":0},"end":{"line":5,"column":42}},"4":{"start":{"line":6,"column":0},"end":{"line":6,"column":44}},"5":{"start":{"line":9,"column":2},"end":{"line":162,"column":null}},"6":{"start":{"line":11,"column":6},"end":{"line":11,"column":17}},"7":{"start":{"line":12,"column":6},"end":{"line":12,"column":9}},"8":{"start":{"line":13,"column":6},"end":{"line":13,"column":12}},"9":{"start":{"line":14,"column":6},"end":{"line":14,"column":18}},"10":{"start":{"line":15,"column":6},"end":{"line":15,"column":18}},"11":{"start":{"line":16,"column":6},"end":{"line":16,"column":13}},"12":{"start":{"line":17,"column":6},"end":{"line":17,"column":17}},"13":{"start":{"line":18,"column":6},"end":{"line":18,"column":21}},"14":{"start":{"line":19,"column":6},"end":{"line":19,"column":20}},"15":{"start":{"line":20,"column":6},"end":{"line":20,"column":20}},"16":{"start":{"line":21,"column":6},"end":{"line":21,"column":24}},"17":{"start":{"line":22,"column":6},"end":{"line":22,"column":22}},"18":{"start":{"line":23,"column":6},"end":{"line":23,"column":10}},"19":{"start":{"line":24,"column":6},"end":{"line":24,"column":20}},"20":{"start":{"line":27,"column":20},"end":{"line":27,"column":40}},"21":{"start":{"line":29,"column":4},"end":{"line":29,"column":null}},"22":{"start":{"line":31,"column":4},"end":{"line":31,"column":null}},"23":{"start":{"line":33,"column":4},"end":{"line":33,"column":null}},"24":{"start":{"line":35,"column":4},"end":{"line":35,"column":null}},"25":{"start":{"line":37,"column":4},"end":{"line":37,"column":null}},"26":{"start":{"line":39,"column":4},"end":{"line":39,"column":null}},"27":{"start":{"line":42,"column":6},"end":{"line":44,"column":null}},"28":{"start":{"line":43,"column":8},"end":{"line":43,"column":null}},"29":{"start":{"line":46,"column":6},"end":{"line":48,"column":null}},"30":{"start":{"line":47,"column":8},"end":{"line":47,"column":null}},"31":{"start":{"line":50,"column":6},"end":{"line":52,"column":null}},"32":{"start":{"line":51,"column":8},"end":{"line":51,"column":null}},"33":{"start":{"line":56,"column":6},"end":{"line":79,"column":null}},"34":{"start":{"line":57,"column":8},"end":{"line":59,"column":null}},"35":{"start":{"line":58,"column":10},"end":{"line":58,"column":16}},"36":{"start":{"line":61,"column":8},"end":{"line":63,"column":null}},"37":{"start":{"line":62,"column":10},"end":{"line":62,"column":16}},"38":{"start":{"line":65,"column":32},"end":{"line":65,"column":77}},"39":{"start":{"line":67,"column":10},"end":{"line":69,"column":34}},"40":{"start":{"line":70,"column":40},"end":{"line":77,"column":null}},"41":{"start":{"line":78,"column":8},"end":{"line":78,"column":null}},"42":{"start":{"line":81,"column":6},"end":{"line":83,"column":null}},"43":{"start":{"line":82,"column":8},"end":{"line":82,"column":null}},"44":{"start":{"line":85,"column":6},"end":{"line":94,"column":null}},"45":{"start":{"line":86,"column":8},"end":{"line":93,"column":null}},"46":{"start":{"line":96,"column":6},"end":{"line":98,"column":null}},"47":{"start":{"line":97,"column":8},"end":{"line":97,"column":null}},"48":{"start":{"line":100,"column":6},"end":{"line":102,"column":null}},"49":{"start":{"line":101,"column":8},"end":{"line":101,"column":null}},"50":{"start":{"line":106,"column":6},"end":{"line":108,"column":null}},"51":{"start":{"line":107,"column":8},"end":{"line":107,"column":null}},"52":{"start":{"line":110,"column":6},"end":{"line":115,"column":null}},"53":{"start":{"line":111,"column":26},"end":{"line":111,"column":53}},"54":{"start":{"line":112,"column":8},"end":{"line":114,"column":null}},"55":{"start":{"line":113,"column":10},"end":{"line":113,"column":null}},"56":{"start":{"line":117,"column":6},"end":{"line":120,"column":null}},"57":{"start":{"line":118,"column":8},"end":{"line":119,"column":null}},"58":{"start":{"line":122,"column":6},"end":{"line":128,"column":null}},"59":{"start":{"line":123,"column":8},"end":{"line":127,"column":null}},"60":{"start":{"line":124,"column":10},"end":{"line":124,"column":null}},"61":{"start":{"line":126,"column":10},"end":{"line":126,"column":null}},"62":{"start":{"line":132,"column":6},"end":{"line":144,"column":null}},"63":{"start":{"line":133,"column":8},"end":{"line":143,"column":null}},"64":{"start":{"line":135,"column":12},"end":{"line":135,"column":null}},"65":{"start":{"line":136,"column":12},"end":{"line":136,"column":null}},"66":{"start":{"line":148,"column":6},"end":{"line":160,"column":null}},"67":{"start":{"line":149,"column":8},"end":{"line":149,"column":null}},"68":{"start":{"line":151,"column":8},"end":{"line":159,"column":null}},"69":{"start":{"line":8,"column":0},"end":{"line":8,"column":24}}},"fnMap":{"0":{"name":"xhr","decl":{"start":{"line":8,"column":24},"end":{"line":8,"column":27}},"loc":{"start":{"line":8,"column":54},"end":{"line":163,"column":1}}},"1":{"name":"(anonymous_1)","decl":{"start":{"line":9,"column":21},"end":{"line":9,"column":22}},"loc":{"start":{"line":9,"column":37},"end":{"line":162,"column":3}}},"2":{"name":"configureRequest","decl":{"start":{"line":41,"column":13},"end":{"line":41,"column":29}},"loc":{"start":{"line":41,"column":29},"end":{"line":53,"column":5}}},"3":{"name":"addEvents","decl":{"start":{"line":55,"column":13},"end":{"line":55,"column":22}},"loc":{"start":{"line":55,"column":22},"end":{"line":103,"column":5}}},"4":{"name":"handleLoad","decl":{"start":{"line":56,"column":44},"end":{"line":56,"column":54}},"loc":{"start":{"line":56,"column":54},"end":{"line":79,"column":7}}},"5":{"name":"handleError","decl":{"start":{"line":81,"column":33},"end":{"line":81,"column":44}},"loc":{"start":{"line":81,"column":44},"end":{"line":83,"column":7}}},"6":{"name":"handleTimeout","decl":{"start":{"line":85,"column":35},"end":{"line":85,"column":48}},"loc":{"start":{"line":85,"column":48},"end":{"line":94,"column":7}}},"7":{"name":"processHeaders","decl":{"start":{"line":105,"column":13},"end":{"line":105,"column":27}},"loc":{"start":{"line":105,"column":27},"end":{"line":129,"column":5}}},"8":{"name":"(anonymous_8)","decl":{"start":{"line":122,"column":35},"end":{"line":122,"column":39}},"loc":{"start":{"line":122,"column":39},"end":{"line":128,"column":7}}},"9":{"name":"processCancel","decl":{"start":{"line":131,"column":13},"end":{"line":131,"column":26}},"loc":{"start":{"line":131,"column":26},"end":{"line":145,"column":5}}},"10":{"name":"(anonymous_10)","decl":{"start":{"line":134,"column":16},"end":{"line":134,"column":22}},"loc":{"start":{"line":134,"column":22},"end":{"line":137,"column":11}}},"11":{"name":"handleResponse","decl":{"start":{"line":147,"column":13},"end":{"line":147,"column":27}},"loc":{"start":{"line":147,"column":51},"end":{"line":161,"column":5}}}},"branchMap":{"0":{"loc":{"start":{"line":11,"column":6},"end":{"line":11,"column":17}},"type":"cond-expr","locations":[{"start":{"line":11,"column":6},"end":{"line":11,"column":17}},{"start":{"line":11,"column":6},"end":{"line":11,"column":17}}]},"1":{"loc":{"start":{"line":14,"column":6},"end":{"line":14,"column":18}},"type":"cond-expr","locations":[{"start":{"line":14,"column":6},"end":{"line":14,"column":18}},{"start":{"line":14,"column":6},"end":{"line":14,"column":18}}]},"2":{"loc":{"start":{"line":42,"column":6},"end":{"line":44,"column":null}},"type":"if","locations":[{"start":{"line":42,"column":6},"end":{"line":44,"column":null}},{"start":{"line":42,"column":6},"end":{"line":44,"column":null}}]},"3":{"loc":{"start":{"line":46,"column":6},"end":{"line":48,"column":null}},"type":"if","locations":[{"start":{"line":46,"column":6},"end":{"line":48,"column":null}},{"start":{"line":46,"column":6},"end":{"line":48,"column":null}}]},"4":{"loc":{"start":{"line":50,"column":6},"end":{"line":52,"column":null}},"type":"if","locations":[{"start":{"line":50,"column":6},"end":{"line":52,"column":null}},{"start":{"line":50,"column":6},"end":{"line":52,"column":null}}]},"5":{"loc":{"start":{"line":57,"column":8},"end":{"line":59,"column":null}},"type":"if","locations":[{"start":{"line":57,"column":8},"end":{"line":59,"column":null}},{"start":{"line":57,"column":8},"end":{"line":59,"column":null}}]},"6":{"loc":{"start":{"line":61,"column":8},"end":{"line":63,"column":null}},"type":"if","locations":[{"start":{"line":61,"column":8},"end":{"line":63,"column":null}},{"start":{"line":61,"column":8},"end":{"line":63,"column":null}}]},"7":{"loc":{"start":{"line":68,"column":14},"end":{"line":68,"column":30}},"type":"cond-expr","locations":[{"start":{"line":68,"column":14},"end":{"line":68,"column":30}},{"start":{"line":69,"column":14},"end":{"line":69,"column":34}}]},"8":{"loc":{"start":{"line":67,"column":10},"end":{"line":67,"column":22}},"type":"binary-expr","locations":[{"start":{"line":67,"column":10},"end":{"line":67,"column":22}},{"start":{"line":67,"column":26},"end":{"line":67,"column":49}}]},"9":{"loc":{"start":{"line":96,"column":6},"end":{"line":98,"column":null}},"type":"if","locations":[{"start":{"line":96,"column":6},"end":{"line":98,"column":null}},{"start":{"line":96,"column":6},"end":{"line":98,"column":null}}]},"10":{"loc":{"start":{"line":100,"column":6},"end":{"line":102,"column":null}},"type":"if","locations":[{"start":{"line":100,"column":6},"end":{"line":102,"column":null}},{"start":{"line":100,"column":6},"end":{"line":102,"column":null}}]},"11":{"loc":{"start":{"line":106,"column":6},"end":{"line":108,"column":null}},"type":"if","locations":[{"start":{"line":106,"column":6},"end":{"line":108,"column":null}},{"start":{"line":106,"column":6},"end":{"line":108,"column":null}}]},"12":{"loc":{"start":{"line":110,"column":6},"end":{"line":115,"column":null}},"type":"if","locations":[{"start":{"line":110,"column":6},"end":{"line":115,"column":null}},{"start":{"line":110,"column":6},"end":{"line":115,"column":null}}]},"13":{"loc":{"start":{"line":110,"column":11},"end":{"line":110,"column":26}},"type":"binary-expr","locations":[{"start":{"line":110,"column":11},"end":{"line":110,"column":26}},{"start":{"line":110,"column":30},"end":{"line":110,"column":51}},{"start":{"line":110,"column":56},"end":{"line":110,"column":70}}]},"14":{"loc":{"start":{"line":112,"column":8},"end":{"line":114,"column":null}},"type":"if","locations":[{"start":{"line":112,"column":8},"end":{"line":114,"column":null}},{"start":{"line":112,"column":8},"end":{"line":114,"column":null}}]},"15":{"loc":{"start":{"line":112,"column":12},"end":{"line":112,"column":21}},"type":"binary-expr","locations":[{"start":{"line":112,"column":12},"end":{"line":112,"column":21}},{"start":{"line":112,"column":25},"end":{"line":112,"column":39}}]},"16":{"loc":{"start":{"line":117,"column":6},"end":{"line":120,"column":null}},"type":"if","locations":[{"start":{"line":117,"column":6},"end":{"line":120,"column":null}},{"start":{"line":117,"column":6},"end":{"line":120,"column":null}}]},"17":{"loc":{"start":{"line":123,"column":8},"end":{"line":127,"column":null}},"type":"if","locations":[{"start":{"line":123,"column":8},"end":{"line":127,"column":null}},{"start":{"line":123,"column":8},"end":{"line":127,"column":null}}]},"18":{"loc":{"start":{"line":123,"column":12},"end":{"line":123,"column":25}},"type":"binary-expr","locations":[{"start":{"line":123,"column":12},"end":{"line":123,"column":25}},{"start":{"line":123,"column":29},"end":{"line":123,"column":66}}]},"19":{"loc":{"start":{"line":132,"column":6},"end":{"line":144,"column":null}},"type":"if","locations":[{"start":{"line":132,"column":6},"end":{"line":144,"column":null}},{"start":{"line":132,"column":6},"end":{"line":144,"column":null}}]},"20":{"loc":{"start":{"line":148,"column":6},"end":{"line":160,"column":null}},"type":"if","locations":[{"start":{"line":148,"column":6},"end":{"line":160,"column":null}},{"start":{"line":148,"column":6},"end":{"line":160,"column":null}}]},"21":{"loc":{"start":{"line":148,"column":10},"end":{"line":148,"column":25}},"type":"binary-expr","locations":[{"start":{"line":148,"column":10},"end":{"line":148,"column":25}},{"start":{"line":148,"column":29},"end":{"line":148,"column":60}}]}},"s":{"0":0,"1":0,"2":0,"3":0,"4":0,"5":0,"6":0,"7":0,"8":0,"9":0,"10":0,"11":0,"12":0,"13":0,"14":0,"15":0,"16":0,"17":0,"18":0,"19":0,"20":0,"21":0,"22":0,"23":0,"24":0,"25":0,"26":0,"27":0,"28":0,"29":0,"30":0,"31":0,"32":0,"33":0,"34":0,"35":0,"36":0,"37":0,"38":0,"39":0,"40":0,"41":0,"42":0,"43":0,"44":0,"45":0,"46":0,"47":0,"48":0,"49":0,"50":0,"51":0,"52":0,"53":0,"54":0,"55":0,"56":0,"57":0,"58":0,"59":0,"60":0,"61":0,"62":0,"63":0,"64":0,"65":0,"66":0,"67":0,"68":0,"69":0},"f":{"0":0,"1":0,"2":0,"3":0,"4":0,"5":0,"6":0,"7":0,"8":0,"9":0,"10":0,"11":0},"b":{"0":[0,0],"1":[0,0],"2":[0,0],"3":[0,0],"4":[0,0],"5":[0,0],"6":[0,0],"7":[0,0],"8":[0,0],"9":[0,0],"10":[0,0],"11":[0,0],"12":[0,0],"13":[0,0,0],"14":[0,0],"15":[0,0],"16":[0,0],"17":[0,0],"18":[0,0],"19":[0,0],"20":[0,0],"21":[0,0]}}
,"/Users/monpro/Desktop/git_warehouse/mon-axios/src/helpers/cookie.ts": {"path":"/Users/monpro/Desktop/git_warehouse/mon-axios/src/helpers/cookie.ts","statementMap":{"0":{"start":{"line":1,"column":13},"end":{"line":7,"column":null}},"1":{"start":{"line":3,"column":18},"end":{"line":3,"column":51}},"2":{"start":{"line":4,"column":18},"end":{"line":4,"column":58}},"3":{"start":{"line":5,"column":4},"end":{"line":5,"column":null}}},"fnMap":{"0":{"name":"(anonymous_0)","decl":{"start":{"line":2,"column":2},"end":{"line":2,"column":6}},"loc":{"start":{"line":2,"column":19},"end":{"line":6,"column":3}}}},"branchMap":{"0":{"loc":{"start":{"line":5,"column":19},"end":{"line":5,"column":47}},"type":"cond-expr","locations":[{"start":{"line":5,"column":19},"end":{"line":5,"column":47}},{"start":{"line":5,"column":50},"end":{"line":5,"column":54}}]}},"s":{"0":0,"1":0,"2":0,"3":0},"f":{"0":0},"b":{"0":[0,0]}}
,"/Users/monpro/Desktop/git_warehouse/mon-axios/src/helpers/data.ts": {"path":"/Users/monpro/Desktop/git_warehouse/mon-axios/src/helpers/data.ts","statementMap":{"0":{"start":{"line":1,"column":0},"end":{"line":1,"column":38}},"1":{"start":{"line":4,"column":2},"end":{"line":6,"column":null}},"2":{"start":{"line":5,"column":4},"end":{"line":5,"column":null}},"3":{"start":{"line":7,"column":2},"end":{"line":7,"column":null}},"4":{"start":{"line":3,"column":0},"end":{"line":3,"column":16}},"5":{"start":{"line":11,"column":2},"end":{"line":17,"column":null}},"6":{"start":{"line":12,"column":4},"end":{"line":16,"column":null}},"7":{"start":{"line":13,"column":6},"end":{"line":13,"column":null}},"8":{"start":{"line":18,"column":2},"end":{"line":18,"column":null}},"9":{"start":{"line":10,"column":0},"end":{"line":10,"column":16}}},"fnMap":{"0":{"name":"transformRequest","decl":{"start":{"line":3,"column":16},"end":{"line":3,"column":32}},"loc":{"start":{"line":3,"column":42},"end":{"line":8,"column":1}}},"1":{"name":"transformResponse","decl":{"start":{"line":10,"column":16},"end":{"line":10,"column":33}},"loc":{"start":{"line":10,"column":43},"end":{"line":19,"column":1}}}},"branchMap":{"0":{"loc":{"start":{"line":4,"column":2},"end":{"line":6,"column":null}},"type":"if","locations":[{"start":{"line":4,"column":2},"end":{"line":6,"column":null}},{"start":{"line":4,"column":2},"end":{"line":6,"column":null}}]},"1":{"loc":{"start":{"line":11,"column":2},"end":{"line":17,"column":null}},"type":"if","locations":[{"start":{"line":11,"column":2},"end":{"line":17,"column":null}},{"start":{"line":11,"column":2},"end":{"line":17,"column":null}}]},"2":{"loc":{"start":{"line":11,"column":6},"end":{"line":11,"column":30}},"type":"binary-expr","locations":[{"start":{"line":11,"column":6},"end":{"line":11,"column":30}},{"start":{"line":11,"column":34},"end":{"line":11,"column":38}}]}},"s":{"0":0,"1":0,"2":0,"3":0,"4":0,"5":0,"6":0,"7":0,"8":0,"9":0},"f":{"0":0,"1":0},"b":{"0":[0,0],"1":[0,0],"2":[0,0]}}
,"/Users/monpro/Desktop/git_warehouse/mon-axios/src/helpers/error.ts": {"path":"/Users/monpro/Desktop/git_warehouse/mon-axios/src/helpers/error.ts","statementMap":{"0":{"start":{"line":3,"column":0},"end":{"line":3,"column":null}},"1":{"start":{"line":3,"column":32},"end":{"line":3,"column":37}},"2":{"start":{"line":17,"column":4},"end":{"line":17,"column":null}},"3":{"start":{"line":18,"column":4},"end":{"line":18,"column":null}},"4":{"start":{"line":19,"column":4},"end":{"line":19,"column":null}},"5":{"start":{"line":20,"column":4},"end":{"line":20,"column":null}},"6":{"start":{"line":21,"column":4},"end":{"line":21,"column":null}},"7":{"start":{"line":22,"column":4},"end":{"line":22,"column":null}},"8":{"start":{"line":24,"column":4},"end":{"line":24,"column":null}},"9":{"start":{"line":26,"column":0},"end":{"line":26,"column":null}},"10":{"start":{"line":3,"column":13},"end":{"line":3,"column":23}},"11":{"start":{"line":35,"column":16},"end":{"line":35,"column":72}},"12":{"start":{"line":36,"column":2},"end":{"line":36,"column":null}},"13":{"start":{"line":28,"column":0},"end":{"line":28,"column":16}}},"fnMap":{"0":{"name":"(anonymous_6)","decl":{"start":{"line":3,"column":0},"end":{"line":3,"column":13}},"loc":{"start":{"line":3,"column":0},"end":{"line":26,"column":null}}},"1":{"name":"AxiosError","decl":{"start":{"line":10,"column":2},"end":{"line":10,"column":null}},"loc":{"start":{"line":15,"column":28},"end":{"line":25,"column":3}}},"2":{"name":"createError","decl":{"start":{"line":28,"column":16},"end":{"line":28,"column":27}},"loc":{"start":{"line":33,"column":26},"end":{"line":37,"column":1}}}},"branchMap":{"0":{"loc":{"start":{"line":17,"column":4},"end":{"line":17,"column":18}},"type":"binary-expr","locations":[{"start":{"line":17,"column":4},"end":{"line":17,"column":18}},{"start":{"line":17,"column":18},"end":{"line":17,"column":null}}]}},"s":{"0":0,"1":0,"2":0,"3":0,"4":0,"5":0,"6":0,"7":0,"8":0,"9":0,"10":0,"11":0,"12":0,"13":0},"f":{"0":0,"1":0,"2":0},"b":{"0":[0,0]}}
,"/Users/monpro/Desktop/git_warehouse/mon-axios/src/helpers/headers.ts": {"path":"/Users/monpro/Desktop/git_warehouse/mon-axios/src/helpers/headers.ts","statementMap":{"0":{"start":{"line":1,"column":0},"end":{"line":1,"column":49}},"1":{"start":{"line":5,"column":2},"end":{"line":7,"column":null}},"2":{"start":{"line":6,"column":4},"end":{"line":6,"column":10}},"3":{"start":{"line":8,"column":2},"end":{"line":16,"column":null}},"4":{"start":{"line":9,"column":4},"end":{"line":15,"column":null}},"5":{"start":{"line":13,"column":6},"end":{"line":13,"column":null}},"6":{"start":{"line":14,"column":6},"end":{"line":14,"column":null}},"7":{"start":{"line":20,"column":2},"end":{"line":20,"column":null}},"8":{"start":{"line":22,"column":2},"end":{"line":26,"column":null}},"9":{"start":{"line":23,"column":4},"end":{"line":25,"column":null}},"10":{"start":{"line":24,"column":6},"end":{"line":24,"column":null}},"11":{"start":{"line":27,"column":2},"end":{"line":27,"column":null}},"12":{"start":{"line":19,"column":0},"end":{"line":19,"column":16}},"13":{"start":{"line":31,"column":15},"end":{"line":31,"column":34}},"14":{"start":{"line":32,"column":2},"end":{"line":34,"column":null}},"15":{"start":{"line":33,"column":4},"end":{"line":33,"column":null}},"16":{"start":{"line":36,"column":2},"end":{"line":44,"column":null}},"17":{"start":{"line":37,"column":8},"end":{"line":37,"column":9}},"18":{"start":{"line":37,"column":9},"end":{"line":37,"column":12}},"19":{"start":{"line":37,"column":14},"end":{"line":37,"column":40}},"20":{"start":{"line":38,"column":4},"end":{"line":38,"column":null}},"21":{"start":{"line":39,"column":4},"end":{"line":41,"column":null}},"22":{"start":{"line":40,"column":6},"end":{"line":40,"column":12}},"23":{"start":{"line":42,"column":16},"end":{"line":42,"column":37}},"24":{"start":{"line":43,"column":4},"end":{"line":43,"column":null}},"25":{"start":{"line":46,"column":2},"end":{"line":46,"column":null}},"26":{"start":{"line":30,"column":0},"end":{"line":30,"column":16}},"27":{"start":{"line":50,"column":2},"end":{"line":52,"column":null}},"28":{"start":{"line":51,"column":4},"end":{"line":51,"column":null}},"29":{"start":{"line":53,"column":2},"end":{"line":53,"column":null}},"30":{"start":{"line":54,"column":26},"end":{"line":63,"column":null}},"31":{"start":{"line":64,"column":2},"end":{"line":66,"column":null}},"32":{"start":{"line":65,"column":4},"end":{"line":65,"column":null}},"33":{"start":{"line":67,"column":2},"end":{"line":67,"column":null}},"34":{"start":{"line":49,"column":0},"end":{"line":49,"column":16}}},"fnMap":{"0":{"name":"normalizeHeaderName","decl":{"start":{"line":4,"column":9},"end":{"line":4,"column":28}},"loc":{"start":{"line":4,"column":65},"end":{"line":17,"column":1}}},"1":{"name":"(anonymous_1)","decl":{"start":{"line":8,"column":31},"end":{"line":8,"column":35}},"loc":{"start":{"line":8,"column":35},"end":{"line":16,"column":3}}},"2":{"name":"processHeaders","decl":{"start":{"line":19,"column":16},"end":{"line":19,"column":30}},"loc":{"start":{"line":19,"column":54},"end":{"line":28,"column":1}}},"3":{"name":"parseHeaders","decl":{"start":{"line":30,"column":16},"end":{"line":30,"column":28}},"loc":{"start":{"line":30,"column":44},"end":{"line":47,"column":1}}},"4":{"name":"(anonymous_4)","decl":{"start":{"line":36,"column":32},"end":{"line":36,"column":36}},"loc":{"start":{"line":36,"column":36},"end":{"line":44,"column":3}}},"5":{"name":"flattenHeaders","decl":{"start":{"line":49,"column":16},"end":{"line":49,"column":30}},"loc":{"start":{"line":49,"column":59},"end":{"line":68,"column":1}}},"6":{"name":"(anonymous_6)","decl":{"start":{"line":64,"column":26},"end":{"line":64,"column":32}},"loc":{"start":{"line":64,"column":32},"end":{"line":66,"column":3}}}},"branchMap":{"0":{"loc":{"start":{"line":5,"column":2},"end":{"line":7,"column":null}},"type":"if","locations":[{"start":{"line":5,"column":2},"end":{"line":7,"column":null}},{"start":{"line":5,"column":2},"end":{"line":7,"column":null}}]},"1":{"loc":{"start":{"line":9,"column":4},"end":{"line":15,"column":null}},"type":"if","locations":[{"start":{"line":9,"column":4},"end":{"line":15,"column":null}},{"start":{"line":9,"column":4},"end":{"line":15,"column":null}}]},"2":{"loc":{"start":{"line":10,"column":6},"end":{"line":10,"column":29}},"type":"binary-expr","locations":[{"start":{"line":10,"column":6},"end":{"line":10,"column":29}},{"start":{"line":11,"column":6},"end":{"line":11,"column":57}}]},"3":{"loc":{"start":{"line":22,"column":2},"end":{"line":26,"column":null}},"type":"if","locations":[{"start":{"line":22,"column":2},"end":{"line":26,"column":null}},{"start":{"line":22,"column":2},"end":{"line":26,"column":null}}]},"4":{"loc":{"start":{"line":23,"column":4},"end":{"line":25,"column":null}},"type":"if","locations":[{"start":{"line":23,"column":4},"end":{"line":25,"column":null}},{"start":{"line":23,"column":4},"end":{"line":25,"column":null}}]},"5":{"loc":{"start":{"line":23,"column":8},"end":{"line":23,"column":15}},"type":"binary-expr","locations":[{"start":{"line":23,"column":8},"end":{"line":23,"column":15}},{"start":{"line":23,"column":19},"end":{"line":23,"column":43}}]},"6":{"loc":{"start":{"line":32,"column":2},"end":{"line":34,"column":null}},"type":"if","locations":[{"start":{"line":32,"column":2},"end":{"line":34,"column":null}},{"start":{"line":32,"column":2},"end":{"line":34,"column":null}}]},"7":{"loc":{"start":{"line":39,"column":4},"end":{"line":41,"column":null}},"type":"if","locations":[{"start":{"line":39,"column":4},"end":{"line":41,"column":null}},{"start":{"line":39,"column":4},"end":{"line":41,"column":null}}]},"8":{"loc":{"start":{"line":50,"column":2},"end":{"line":52,"column":null}},"type":"if","locations":[{"start":{"line":50,"column":2},"end":{"line":52,"column":null}},{"start":{"line":50,"column":2},"end":{"line":52,"column":null}}]},"9":{"loc":{"start":{"line":53,"column":22},"end":{"line":53,"column":36}},"type":"binary-expr","locations":[{"start":{"line":53,"column":22},"end":{"line":53,"column":36}},{"start":{"line":53,"column":40},"end":{"line":53,"column":42}}]},"10":{"loc":{"start":{"line":53,"column":44},"end":{"line":53,"column":59}},"type":"binary-expr","locations":[{"start":{"line":53,"column":44},"end":{"line":53,"column":59}},{"start":{"line":53,"column":63},"end":{"line":53,"column":65}}]}},"s":{"0":0,"1":0,"2":0,"3":0,"4":0,"5":0,"6":0,"7":0,"8":0,"9":0,"10":0,"11":0,"12":0,"13":0,"14":0,"15":0,"16":0,"17":0,"18":0,"19":0,"20":0,"21":0,"22":0,"23":0,"24":0,"25":0,"26":0,"27":0,"28":0,"29":0,"30":0,"31":0,"32":0,"33":0,"34":0},"f":{"0":0,"1":0,"2":0,"3":0,"4":0,"5":0,"6":0},"b":{"0":[0,0],"1":[0,0],"2":[0,0],"3":[0,0],"4":[0,0],"5":[0,0],"6":[0,0],"7":[0,0],"8":[0,0],"9":[0,0],"10":[0,0]}}
,"/Users/monpro/Desktop/git_warehouse/mon-axios/src/helpers/url.ts": {"path":"/Users/monpro/Desktop/git_warehouse/mon-axios/src/helpers/url.ts","statementMap":{"0":{"start":{"line":1,"column":0},"end":{"line":1,"column":65}},"1":{"start":{"line":9,"column":2},"end":{"line":16,"column":null}},"2":{"start":{"line":24,"column":2},"end":{"line":26,"column":null}},"3":{"start":{"line":25,"column":4},"end":{"line":25,"column":null}},"4":{"start":{"line":30,"column":2},"end":{"line":61,"column":null}},"5":{"start":{"line":31,"column":4},"end":{"line":31,"column":null}},"6":{"start":{"line":32,"column":4},"end":{"line":32,"column":null}},"7":{"start":{"line":33,"column":9},"end":{"line":61,"column":null}},"8":{"start":{"line":34,"column":4},"end":{"line":34,"column":null}},"9":{"start":{"line":36,"column":28},"end":{"line":36,"column":30}},"10":{"start":{"line":38,"column":4},"end":{"line":58,"column":null}},"11":{"start":{"line":39,"column":18},"end":{"line":39,"column":29}},"12":{"start":{"line":40,"column":6},"end":{"line":42,"column":null}},"13":{"start":{"line":41,"column":8},"end":{"line":41,"column":14}},"14":{"start":{"line":43,"column":19},"end":{"line":43,"column":21}},"15":{"start":{"line":44,"column":6},"end":{"line":49,"column":null}},"16":{"start":{"line":45,"column":8},"end":{"line":45,"column":null}},"17":{"start":{"line":46,"column":8},"end":{"line":46,"column":null}},"18":{"start":{"line":48,"column":8},"end":{"line":48,"column":null}},"19":{"start":{"line":50,"column":6},"end":{"line":57,"column":null}},"20":{"start":{"line":51,"column":8},"end":{"line":55,"column":null}},"21":{"start":{"line":52,"column":10},"end":{"line":52,"column":null}},"22":{"start":{"line":53,"column":15},"end":{"line":55,"column":null}},"23":{"start":{"line":54,"column":10},"end":{"line":54,"column":null}},"24":{"start":{"line":56,"column":8},"end":{"line":56,"column":null}},"25":{"start":{"line":60,"column":4},"end":{"line":60,"column":null}},"26":{"start":{"line":63,"column":2},"end":{"line":70,"column":null}},"27":{"start":{"line":64,"column":22},"end":{"line":64,"column":38}},"28":{"start":{"line":65,"column":4},"end":{"line":67,"column":null}},"29":{"start":{"line":66,"column":6},"end":{"line":66,"column":null}},"30":{"start":{"line":69,"column":4},"end":{"line":69,"column":null}},"31":{"start":{"line":72,"column":2},"end":{"line":72,"column":null}},"32":{"start":{"line":19,"column":0},"end":{"line":19,"column":16}},"33":{"start":{"line":75,"column":23},"end":{"line":75,"column":50}},"34":{"start":{"line":76,"column":22},"end":{"line":76,"column":54}},"35":{"start":{"line":79,"column":2},"end":{"line":79,"column":null}},"36":{"start":{"line":80,"column":10},"end":{"line":80,"column":18}},"37":{"start":{"line":80,"column":20},"end":{"line":80,"column":24}},"38":{"start":{"line":82,"column":2},"end":{"line":85,"column":null}},"39":{"start":{"line":89,"column":23},"end":{"line":89,"column":45}},"40":{"start":{"line":90,"column":2},"end":{"line":93,"column":null}},"41":{"start":{"line":88,"column":0},"end":{"line":88,"column":16}}},"fnMap":{"0":{"name":"encode","decl":{"start":{"line":8,"column":9},"end":{"line":8,"column":15}},"loc":{"start":{"line":8,"column":27},"end":{"line":17,"column":1}}},"1":{"name":"buildUrl","decl":{"start":{"line":19,"column":16},"end":{"line":19,"column":24}},"loc":{"start":{"line":22,"column":44},"end":{"line":73,"column":1}}},"2":{"name":"(anonymous_2)","decl":{"start":{"line":38,"column":32},"end":{"line":38,"column":35}},"loc":{"start":{"line":38,"column":35},"end":{"line":58,"column":5}}},"3":{"name":"(anonymous_3)","decl":{"start":{"line":50,"column":21},"end":{"line":50,"column":24}},"loc":{"start":{"line":50,"column":24},"end":{"line":57,"column":7}}},"4":{"name":"resolveURL","decl":{"start":{"line":78,"column":9},"end":{"line":78,"column":19}},"loc":{"start":{"line":78,"column":31},"end":{"line":86,"column":1}}},"5":{"name":"isURLSameOrigin","decl":{"start":{"line":88,"column":16},"end":{"line":88,"column":31}},"loc":{"start":{"line":88,"column":50},"end":{"line":94,"column":1}}}},"branchMap":{"0":{"loc":{"start":{"line":24,"column":2},"end":{"line":26,"column":null}},"type":"if","locations":[{"start":{"line":24,"column":2},"end":{"line":26,"column":null}},{"start":{"line":24,"column":2},"end":{"line":26,"column":null}}]},"1":{"loc":{"start":{"line":30,"column":2},"end":{"line":61,"column":null}},"type":"if","locations":[{"start":{"line":30,"column":2},"end":{"line":61,"column":null}},{"start":{"line":30,"column":2},"end":{"line":61,"column":null}}]},"2":{"loc":{"start":{"line":33,"column":9},"end":{"line":61,"column":null}},"type":"if","locations":[{"start":{"line":33,"column":9},"end":{"line":61,"column":null}},{"start":{"line":33,"column":9},"end":{"line":61,"column":null}}]},"3":{"loc":{"start":{"line":40,"column":6},"end":{"line":42,"column":null}},"type":"if","locations":[{"start":{"line":40,"column":6},"end":{"line":42,"column":null}},{"start":{"line":40,"column":6},"end":{"line":42,"column":null}}]},"4":{"loc":{"start":{"line":40,"column":10},"end":{"line":40,"column":22}},"type":"binary-expr","locations":[{"start":{"line":40,"column":10},"end":{"line":40,"column":22}},{"start":{"line":40,"column":26},"end":{"line":40,"column":52}}]},"5":{"loc":{"start":{"line":44,"column":6},"end":{"line":49,"column":null}},"type":"if","locations":[{"start":{"line":44,"column":6},"end":{"line":49,"column":null}},{"start":{"line":44,"column":6},"end":{"line":49,"column":null}}]},"6":{"loc":{"start":{"line":51,"column":8},"end":{"line":55,"column":null}},"type":"if","locations":[{"start":{"line":51,"column":8},"end":{"line":55,"column":null}},{"start":{"line":51,"column":8},"end":{"line":55,"column":null}}]},"7":{"loc":{"start":{"line":53,"column":15},"end":{"line":55,"column":null}},"type":"if","locations":[{"start":{"line":53,"column":15},"end":{"line":55,"column":null}},{"start":{"line":53,"column":15},"end":{"line":55,"column":null}}]},"8":{"loc":{"start":{"line":63,"column":2},"end":{"line":70,"column":null}},"type":"if","locations":[{"start":{"line":63,"column":2},"end":{"line":70,"column":null}},{"start":{"line":63,"column":2},"end":{"line":70,"column":null}}]},"9":{"loc":{"start":{"line":65,"column":4},"end":{"line":67,"column":null}},"type":"if","locations":[{"start":{"line":65,"column":4},"end":{"line":67,"column":null}},{"start":{"line":65,"column":4},"end":{"line":67,"column":null}}]},"10":{"loc":{"start":{"line":69,"column":38},"end":{"line":69,"column":41}},"type":"cond-expr","locations":[{"start":{"line":69,"column":38},"end":{"line":69,"column":41}},{"start":{"line":69,"column":44},"end":{"line":69,"column":47}}]},"11":{"loc":{"start":{"line":91,"column":4},"end":{"line":91,"column":52}},"type":"binary-expr","locations":[{"start":{"line":91,"column":4},"end":{"line":91,"column":52}},{"start":{"line":92,"column":4},"end":{"line":92,"column":44}}]}},"s":{"0":0,"1":0,"2":0,"3":0,"4":0,"5":0,"6":0,"7":0,"8":0,"9":0,"10":0,"11":0,"12":0,"13":0,"14":0,"15":0,"16":0,"17":0,"18":0,"19":0,"20":0,"21":0,"22":0,"23":0,"24":0,"25":0,"26":0,"27":0,"28":0,"29":0,"30":0,"31":0,"32":0,"33":0,"34":0,"35":0,"36":0,"37":0,"38":0,"39":0,"40":0,"41":0},"f":{"0":0,"1":0,"2":0,"3":0,"4":0,"5":0},"b":{"0":[0,0],"1":[0,0],"2":[0,0],"3":[0,0],"4":[0,0],"5":[0,0],"6":[0,0],"7":[0,0],"8":[0,0],"9":[0,0],"10":[0,0],"11":[0,0]}}
,"/Users/monpro/Desktop/git_warehouse/mon-axios/src/helpers/util.ts": {"path":"/Users/monpro/Desktop/git_warehouse/mon-axios/src/helpers/util.ts","statementMap":{"0":{"start":{"line":1,"column":17},"end":{"line":1,"column":42}},"1":{"start":{"line":4,"column":2},"end":{"line":4,"column":null}},"2":{"start":{"line":3,"column":0},"end":{"line":3,"column":16}},"3":{"start":{"line":8,"column":2},"end":{"line":8,"column":null}},"4":{"start":{"line":7,"column":0},"end":{"line":7,"column":16}},"5":{"start":{"line":12,"column":2},"end":{"line":12,"column":null}},"6":{"start":{"line":11,"column":0},"end":{"line":11,"column":16}},"7":{"start":{"line":16,"column":2},"end":{"line":16,"column":null}},"8":{"start":{"line":15,"column":0},"end":{"line":15,"column":16}},"9":{"start":{"line":20,"column":2},"end":{"line":22,"column":null}},"10":{"start":{"line":21,"column":6},"end":{"line":21,"column":null}},"11":{"start":{"line":23,"column":2},"end":{"line":23,"column":null}},"12":{"start":{"line":19,"column":0},"end":{"line":19,"column":16}},"13":{"start":{"line":26,"column":26},"end":{"line":26,"column":40}},"14":{"start":{"line":27,"column":17},"end":{"line":27,"column":36}},"15":{"start":{"line":29,"column":2},"end":{"line":44,"column":null}},"16":{"start":{"line":30,"column":4},"end":{"line":43,"column":null}},"17":{"start":{"line":31,"column":6},"end":{"line":42,"column":null}},"18":{"start":{"line":32,"column":20},"end":{"line":32,"column":28}},"19":{"start":{"line":33,"column":8},"end":{"line":41,"column":null}},"20":{"start":{"line":34,"column":10},"end":{"line":38,"column":null}},"21":{"start":{"line":35,"column":12},"end":{"line":35,"column":null}},"22":{"start":{"line":37,"column":12},"end":{"line":37,"column":null}},"23":{"start":{"line":40,"column":10},"end":{"line":40,"column":null}},"24":{"start":{"line":46,"column":2},"end":{"line":46,"column":null}},"25":{"start":{"line":26,"column":0},"end":{"line":26,"column":16}},"26":{"start":{"line":50,"column":2},"end":{"line":50,"column":null}},"27":{"start":{"line":49,"column":0},"end":{"line":49,"column":16}},"28":{"start":{"line":54,"column":2},"end":{"line":54,"column":null}},"29":{"start":{"line":53,"column":0},"end":{"line":53,"column":16}},"30":{"start":{"line":58,"column":2},"end":{"line":60,"column":null}},"31":{"start":{"line":57,"column":0},"end":{"line":57,"column":16}}},"fnMap":{"0":{"name":"isFormData","decl":{"start":{"line":3,"column":16},"end":{"line":3,"column":26}},"loc":{"start":{"line":3,"column":35},"end":{"line":5,"column":1}}},"1":{"name":"isDate","decl":{"start":{"line":7,"column":16},"end":{"line":7,"column":22}},"loc":{"start":{"line":7,"column":31},"end":{"line":9,"column":1}}},"2":{"name":"isObject","decl":{"start":{"line":11,"column":16},"end":{"line":11,"column":24}},"loc":{"start":{"line":11,"column":33},"end":{"line":13,"column":1}}},"3":{"name":"isPlainObject","decl":{"start":{"line":15,"column":16},"end":{"line":15,"column":29}},"loc":{"start":{"line":15,"column":38},"end":{"line":17,"column":1}}},"4":{"name":"extend","decl":{"start":{"line":19,"column":16},"end":{"line":19,"column":22}},"loc":{"start":{"line":19,"column":43},"end":{"line":24,"column":1}}},"5":{"name":"deepMerge","decl":{"start":{"line":26,"column":16},"end":{"line":26,"column":25}},"loc":{"start":{"line":26,"column":25},"end":{"line":47,"column":1}}},"6":{"name":"(anonymous_6)","decl":{"start":{"line":29,"column":15},"end":{"line":29,"column":18}},"loc":{"start":{"line":29,"column":18},"end":{"line":44,"column":3}}},"7":{"name":"(anonymous_7)","decl":{"start":{"line":31,"column":31},"end":{"line":31,"column":34}},"loc":{"start":{"line":31,"column":34},"end":{"line":42,"column":7}}},"8":{"name":"isURLSearchParams","decl":{"start":{"line":49,"column":16},"end":{"line":49,"column":33}},"loc":{"start":{"line":49,"column":42},"end":{"line":51,"column":1}}},"9":{"name":"isAbsoluteURL","decl":{"start":{"line":53,"column":16},"end":{"line":53,"column":29}},"loc":{"start":{"line":53,"column":41},"end":{"line":55,"column":1}}},"10":{"name":"combineURL","decl":{"start":{"line":57,"column":16},"end":{"line":57,"column":26}},"loc":{"start":{"line":57,"column":64},"end":{"line":61,"column":1}}}},"branchMap":{"0":{"loc":{"start":{"line":4,"column":9},"end":{"line":4,"column":35}},"type":"binary-expr","locations":[{"start":{"line":4,"column":9},"end":{"line":4,"column":35}},{"start":{"line":4,"column":39},"end":{"line":4,"column":62}}]},"1":{"loc":{"start":{"line":12,"column":9},"end":{"line":12,"column":21}},"type":"binary-expr","locations":[{"start":{"line":12,"column":9},"end":{"line":12,"column":21}},{"start":{"line":12,"column":25},"end":{"line":12,"column":48}}]},"2":{"loc":{"start":{"line":30,"column":4},"end":{"line":43,"column":null}},"type":"if","locations":[{"start":{"line":30,"column":4},"end":{"line":43,"column":null}},{"start":{"line":30,"column":4},"end":{"line":43,"column":null}}]},"3":{"loc":{"start":{"line":33,"column":8},"end":{"line":41,"column":null}},"type":"if","locations":[{"start":{"line":33,"column":8},"end":{"line":41,"column":null}},{"start":{"line":33,"column":8},"end":{"line":41,"column":null}}]},"4":{"loc":{"start":{"line":34,"column":10},"end":{"line":38,"column":null}},"type":"if","locations":[{"start":{"line":34,"column":10},"end":{"line":38,"column":null}},{"start":{"line":34,"column":10},"end":{"line":38,"column":null}}]},"5":{"loc":{"start":{"line":50,"column":9},"end":{"line":50,"column":35}},"type":"binary-expr","locations":[{"start":{"line":50,"column":9},"end":{"line":50,"column":35}},{"start":{"line":50,"column":39},"end":{"line":50,"column":69}}]},"6":{"loc":{"start":{"line":59,"column":6},"end":{"line":59,"column":73}},"type":"cond-expr","locations":[{"start":{"line":59,"column":6},"end":{"line":59,"column":73}},{"start":{"line":60,"column":6},"end":{"line":60,"column":13}}]}},"s":{"0":1,"1":2,"2":1,"3":1,"4":1,"5":0,"6":1,"7":24,"8":1,"9":2,"10":2,"11":2,"12":1,"13":58,"14":14,"15":14,"16":30,"17":22,"18":18,"19":18,"20":4,"21":1,"22":3,"23":14,"24":14,"25":1,"26":2,"27":1,"28":0,"29":1,"30":0,"31":1},"f":{"0":2,"1":1,"2":0,"3":24,"4":2,"5":14,"6":30,"7":18,"8":2,"9":0,"10":0},"b":{"0":[2,2],"1":[0,0],"2":[22,8],"3":[4,14],"4":[1,3],"5":[2,2],"6":[0,0]}}
}
