TN:
SF:/Users/monpro/Desktop/git_warehouse/mon-axios/src/default.ts
FN:15,(anonymous_0)
FN:22,(anonymous_1)
FN:30,(anonymous_2)
FN:37,(anonymous_3)
FN:43,(anonymous_4)
FNF:5
FNH:0
FNDA:0,(anonymous_0)
FNDA:0,(anonymous_1)
FNDA:0,(anonymous_2)
FNDA:0,(anonymous_3)
FNDA:0,(anonymous_4)
DA:2,0
DA:3,0
DA:5,0
DA:16,0
DA:17,0
DA:23,0
DA:31,0
DA:35,0
DA:37,0
DA:38,0
DA:41,0
DA:43,0
DA:44,0
DA:49,0
LF:14
LH:0
BRDA:31,0,0,0
BRDA:31,0,1,0
BRF:2
BRH:0
end_of_record
TN:
SF:/Users/monpro/Desktop/git_warehouse/mon-axios/src/index.ts
FN:7,createAxiosInstance
FN:18,create
FN:22,all
FN:26,spread
FN:27,wrap
FNF:5
FNH:0
FNDA:0,createAxiosInstance
FNDA:0,create
FNDA:0,all
FNDA:0,spread
FNDA:0,wrap
DA:2,0
DA:3,0
DA:4,0
DA:5,0
DA:8,0
DA:9,0
DA:11,0
DA:13,0
DA:16,0
DA:18,0
DA:19,0
DA:22,0
DA:23,0
DA:26,0
DA:27,0
DA:28,0
DA:32,0
LF:17
LH:0
BRF:0
BRH:0
end_of_record
TN:
SF:/Users/monpro/Desktop/git_warehouse/mon-axios/src/cancel/Cancel.ts
FN:1,(anonymous_0)
FN:4,Cancel
FN:9,isCancel
FNF:3
FNH:0
FNDA:0,(anonymous_0)
FNDA:0,Cancel
FNDA:0,isCancel
DA:1,0
DA:5,0
DA:7,0
DA:9,0
DA:10,0
LF:5
LH:0
BRF:0
BRH:0
end_of_record
TN:
SF:/Users/monpro/Desktop/git_warehouse/mon-axios/src/cancel/cancelToken.ts
FN:8,(anonymous_0)
FN:11,CancelToken
FN:14,(anonymous_2)
FN:17,(anonymous_3)
FN:26,(anonymous_4)
FN:28,(anonymous_5)
FNF:6
FNH:0
FNDA:0,(anonymous_0)
FNDA:0,CancelToken
FNDA:0,(anonymous_2)
FNDA:0,(anonymous_3)
FNDA:0,(anonymous_4)
FNDA:0,(anonymous_5)
DA:2,0
DA:8,0
DA:11,0
DA:14,0
DA:15,0
DA:17,0
DA:18,0
DA:19,0
DA:21,0
DA:22,0
DA:26,0
DA:28,0
DA:29,0
DA:31,0
DA:36,0
LF:15
LH:0
BRDA:18,0,0,0
BRDA:18,0,1,0
BRF:2
BRH:0
end_of_record
TN:
SF:/Users/monpro/Desktop/git_warehouse/mon-axios/src/core/Axios.ts
FN:22,(anonymous_0)
FN:26,Axios
FN:34,(anonymous_2)
FN:54,(anonymous_3)
FN:58,(anonymous_4)
FN:72,(anonymous_5)
FN:76,(anonymous_6)
FN:80,(anonymous_7)
FN:84,(anonymous_8)
FN:88,(anonymous_9)
FN:92,(anonymous_10)
FN:96,(anonymous_11)
FN:100,(anonymous_12)
FN:105,(anonymous_13)
FN:118,(anonymous_14)
FNF:15
FNH:0
FNDA:0,(anonymous_0)
FNDA:0,Axios
FNDA:0,(anonymous_2)
FNDA:0,(anonymous_3)
FNDA:0,(anonymous_4)
FNDA:0,(anonymous_5)
FNDA:0,(anonymous_6)
FNDA:0,(anonymous_7)
FNDA:0,(anonymous_8)
FNDA:0,(anonymous_9)
FNDA:0,(anonymous_10)
FNDA:0,(anonymous_11)
FNDA:0,(anonymous_12)
FNDA:0,(anonymous_13)
FNDA:0,(anonymous_14)
DA:9,0
DA:10,0
DA:11,0
DA:22,0
DA:27,0
DA:28,0
DA:34,0
DA:35,0
DA:36,0
DA:37,0
DA:39,0
DA:41,0
DA:44,0
DA:45,0
DA:47,0
DA:54,0
DA:55,0
DA:58,0
DA:59,0
DA:62,0
DA:64,0
DA:65,0
DA:66,0
DA:69,0
DA:72,0
DA:73,0
DA:76,0
DA:77,0
DA:80,0
DA:81,0
DA:84,0
DA:85,0
DA:88,0
DA:89,0
DA:92,0
DA:93,0
DA:96,0
DA:97,0
DA:100,0
DA:101,0
DA:102,0
DA:105,0
DA:110,0
DA:118,0
DA:124,0
DA:132,0
LF:46
LH:0
BRDA:35,0,0,0
BRDA:35,0,1,0
BRDA:36,1,0,0
BRDA:36,1,1,0
BRDA:111,2,0,0
BRDA:111,2,1,0
BRDA:125,3,0,0
BRDA:125,3,1,0
BRF:8
BRH:0
end_of_record
TN:
SF:/Users/monpro/Desktop/git_warehouse/mon-axios/src/core/InterceptorManager.ts
FN:8,(anonymous_0)
FN:10,InterceptorManager
FN:14,(anonymous_2)
FN:23,(anonymous_3)
FN:24,(anonymous_4)
FN:31,(anonymous_5)
FNF:6
FNH:0
FNDA:0,(anonymous_0)
FNDA:0,InterceptorManager
FNDA:0,(anonymous_2)
FNDA:0,(anonymous_3)
FNDA:0,(anonymous_4)
FNDA:0,(anonymous_5)
DA:8,0
DA:11,0
DA:14,0
DA:15,0
DA:20,0
DA:23,0
DA:24,0
DA:25,0
DA:26,0
DA:31,0
DA:32,0
DA:33,0
DA:36,0
LF:13
LH:0
BRDA:25,0,0,0
BRDA:25,0,1,0
BRDA:32,1,0,0
BRDA:32,1,1,0
BRF:4
BRH:0
end_of_record
TN:
SF:/Users/monpro/Desktop/git_warehouse/mon-axios/src/core/dispatchRequest.ts
FN:9,dispatchRequest
FN:14,(anonymous_1)
FN:17,(anonymous_2)
FN:26,processConfig
FN:32,transformURL
FN:40,transformResponseData
FNF:6
FNH:0
FNDA:0,dispatchRequest
FNDA:0,(anonymous_1)
FNDA:0,(anonymous_2)
FNDA:0,processConfig
FNDA:0,transformURL
FNDA:0,transformResponseData
DA:2,0
DA:4,0
DA:5,0
DA:6,0
DA:7,0
DA:9,0
DA:12,0
DA:13,0
DA:15,0
DA:18,0
DA:19,0
DA:21,0
DA:27,0
DA:28,0
DA:29,0
DA:32,0
DA:33,0
DA:34,0
DA:35,0
DA:37,0
DA:41,0
DA:42,0
LF:22
LH:0
BRDA:18,0,0,0
BRDA:18,0,1,0
BRDA:18,1,0,0
BRDA:18,1,1,0
BRDA:34,2,0,0
BRDA:34,2,1,0
BRDA:34,3,0,0
BRDA:34,3,1,0
BRF:8
BRH:0
end_of_record
TN:
SF:/Users/monpro/Desktop/git_warehouse/mon-axios/src/core/mergeConfig.ts
FN:6,defaultStrat
FN:10,fromVal2Strat
FN:16,deepMergeStrat
FN:30,(anonymous_3)
FN:36,(anonymous_4)
FN:40,mergeConfig
FN:60,mergeField
FNF:7
FNH:0
FNDA:0,defaultStrat
FNDA:0,fromVal2Strat
FNDA:0,deepMergeStrat
FNDA:0,(anonymous_3)
FNDA:0,(anonymous_4)
FNDA:0,mergeConfig
FNDA:0,mergeField
DA:2,0
DA:4,0
DA:7,0
DA:11,0
DA:12,0
DA:17,0
DA:18,0
DA:19,0
DA:20,0
DA:21,0
DA:22,0
DA:24,0
DA:28,0
DA:30,0
DA:31,0
DA:34,0
DA:36,0
DA:37,0
DA:40,0
DA:44,0
DA:45,0
DA:48,0
DA:50,0
DA:51,0
DA:54,0
DA:55,0
DA:56,0
DA:61,0
DA:62,0
DA:65,0
LF:30
LH:0
BRDA:7,0,0,0
BRDA:7,0,1,0
BRDA:11,1,0,0
BRDA:11,1,1,0
BRDA:17,2,0,0
BRDA:17,2,1,0
BRDA:19,3,0,0
BRDA:19,3,1,0
BRDA:21,4,0,0
BRDA:21,4,1,0
BRDA:44,5,0,0
BRDA:44,5,1,0
BRDA:55,6,0,0
BRDA:55,6,1,0
BRDA:61,7,0,0
BRDA:61,7,1,0
BRF:16
BRH:0
end_of_record
TN:
SF:/Users/monpro/Desktop/git_warehouse/mon-axios/src/core/transform.ts
FN:3,transform
FN:14,(anonymous_1)
FNF:2
FNH:0
FNDA:0,transform
FNDA:0,(anonymous_1)
DA:3,0
DA:8,0
DA:9,0
DA:11,0
DA:12,0
DA:14,0
DA:15,0
DA:17,0
LF:8
LH:0
BRDA:8,0,0,0
BRDA:8,0,1,0
BRDA:11,1,0,0
BRDA:11,1,1,0
BRF:4
BRH:0
end_of_record
TN:
SF:/Users/monpro/Desktop/git_warehouse/mon-axios/src/core/xhr.ts
FN:8,xhr
FN:9,(anonymous_1)
FN:41,configureRequest
FN:55,addEvents
FN:56,handleLoad
FN:81,handleError
FN:85,handleTimeout
FN:105,processHeaders
FN:122,(anonymous_8)
FN:131,processCancel
FN:134,(anonymous_10)
FN:147,handleResponse
FNF:12
FNH:0
FNDA:0,xhr
FNDA:0,(anonymous_1)
FNDA:0,configureRequest
FNDA:0,addEvents
FNDA:0,handleLoad
FNDA:0,handleError
FNDA:0,handleTimeout
FNDA:0,processHeaders
FNDA:0,(anonymous_8)
FNDA:0,processCancel
FNDA:0,(anonymous_10)
FNDA:0,handleResponse
DA:2,0
DA:3,0
DA:4,0
DA:5,0
DA:6,0
DA:8,0
DA:9,0
DA:11,0
DA:12,0
DA:13,0
DA:14,0
DA:15,0
DA:16,0
DA:17,0
DA:18,0
DA:19,0
DA:20,0
DA:21,0
DA:22,0
DA:23,0
DA:24,0
DA:27,0
DA:29,0
DA:31,0
DA:33,0
DA:35,0
DA:37,0
DA:39,0
DA:42,0
DA:43,0
DA:46,0
DA:47,0
DA:50,0
DA:51,0
DA:56,0
DA:57,0
DA:58,0
DA:61,0
DA:62,0
DA:65,0
DA:67,0
DA:70,0
DA:78,0
DA:81,0
DA:82,0
DA:85,0
DA:86,0
DA:96,0
DA:97,0
DA:100,0
DA:101,0
DA:106,0
DA:107,0
DA:110,0
DA:111,0
DA:112,0
DA:113,0
DA:117,0
DA:118,0
DA:122,0
DA:123,0
DA:124,0
DA:126,0
DA:132,0
DA:133,0
DA:135,0
DA:136,0
DA:148,0
DA:149,0
DA:151,0
LF:70
LH:0
BRDA:11,0,0,0
BRDA:11,0,1,0
BRDA:14,1,0,0
BRDA:14,1,1,0
BRDA:42,2,0,0
BRDA:42,2,1,0
BRDA:46,3,0,0
BRDA:46,3,1,0
BRDA:50,4,0,0
BRDA:50,4,1,0
BRDA:57,5,0,0
BRDA:57,5,1,0
BRDA:61,6,0,0
BRDA:61,6,1,0
BRDA:68,7,0,0
BRDA:68,7,1,0
BRDA:67,8,0,0
BRDA:67,8,1,0
BRDA:96,9,0,0
BRDA:96,9,1,0
BRDA:100,10,0,0
BRDA:100,10,1,0
BRDA:106,11,0,0
BRDA:106,11,1,0
BRDA:110,12,0,0
BRDA:110,12,1,0
BRDA:110,13,0,0
BRDA:110,13,1,0
BRDA:110,13,2,0
BRDA:112,14,0,0
BRDA:112,14,1,0
BRDA:112,15,0,0
BRDA:112,15,1,0
BRDA:117,16,0,0
BRDA:117,16,1,0
BRDA:123,17,0,0
BRDA:123,17,1,0
BRDA:123,18,0,0
BRDA:123,18,1,0
BRDA:132,19,0,0
BRDA:132,19,1,0
BRDA:148,20,0,0
BRDA:148,20,1,0
BRDA:148,21,0,0
BRDA:148,21,1,0
BRF:45
BRH:0
end_of_record
TN:
SF:/Users/monpro/Desktop/git_warehouse/mon-axios/src/helpers/cookie.ts
FN:2,(anonymous_0)
FNF:1
FNH:0
FNDA:0,(anonymous_0)
DA:1,0
DA:3,0
DA:4,0
DA:5,0
LF:4
LH:0
BRDA:5,0,0,0
BRDA:5,0,1,0
BRF:2
BRH:0
end_of_record
TN:
SF:/Users/monpro/Desktop/git_warehouse/mon-axios/src/helpers/data.ts
FN:3,transformRequest
FN:10,transformResponse
FNF:2
FNH:0
FNDA:0,transformRequest
FNDA:0,transformResponse
DA:1,0
DA:3,0
DA:4,0
DA:5,0
DA:7,0
DA:10,0
DA:11,0
DA:12,0
DA:13,0
DA:18,0
LF:10
LH:0
BRDA:4,0,0,0
BRDA:4,0,1,0
BRDA:11,1,0,0
BRDA:11,1,1,0
BRDA:11,2,0,0
BRDA:11,2,1,0
BRF:6
BRH:0
end_of_record
TN:
SF:/Users/monpro/Desktop/git_warehouse/mon-axios/src/helpers/error.ts
FN:3,(anonymous_6)
FN:10,AxiosError
FN:28,createError
FNF:3
FNH:0
FNDA:0,(anonymous_6)
FNDA:0,AxiosError
FNDA:0,createError
DA:3,0
DA:17,0
DA:18,0
DA:19,0
DA:20,0
DA:21,0
DA:22,0
DA:24,0
DA:26,0
DA:28,0
DA:35,0
DA:36,0
LF:12
LH:0
BRDA:17,0,0,0
BRDA:17,0,1,0
BRF:2
BRH:0
end_of_record
TN:
SF:/Users/monpro/Desktop/git_warehouse/mon-axios/src/helpers/headers.ts
FN:4,normalizeHeaderName
FN:8,(anonymous_1)
FN:19,processHeaders
FN:30,parseHeaders
FN:36,(anonymous_4)
FN:49,flattenHeaders
FN:64,(anonymous_6)
FNF:7
FNH:0
FNDA:0,normalizeHeaderName
FNDA:0,(anonymous_1)
FNDA:0,processHeaders
FNDA:0,parseHeaders
FNDA:0,(anonymous_4)
FNDA:0,flattenHeaders
FNDA:0,(anonymous_6)
DA:1,0
DA:5,0
DA:6,0
DA:8,0
DA:9,0
DA:13,0
DA:14,0
DA:19,0
DA:20,0
DA:22,0
DA:23,0
DA:24,0
DA:27,0
DA:30,0
DA:31,0
DA:32,0
DA:33,0
DA:36,0
DA:37,0
DA:38,0
DA:39,0
DA:40,0
DA:42,0
DA:43,0
DA:46,0
DA:49,0
DA:50,0
DA:51,0
DA:53,0
DA:54,0
DA:64,0
DA:65,0
DA:67,0
LF:33
LH:0
BRDA:5,0,0,0
BRDA:5,0,1,0
BRDA:9,1,0,0
BRDA:9,1,1,0
BRDA:10,2,0,0
BRDA:10,2,1,0
BRDA:22,3,0,0
BRDA:22,3,1,0
BRDA:23,4,0,0
BRDA:23,4,1,0
BRDA:23,5,0,0
BRDA:23,5,1,0
BRDA:32,6,0,0
BRDA:32,6,1,0
BRDA:39,7,0,0
BRDA:39,7,1,0
BRDA:50,8,0,0
BRDA:50,8,1,0
BRDA:53,9,0,0
BRDA:53,9,1,0
BRDA:53,10,0,0
BRDA:53,10,1,0
BRF:22
BRH:0
end_of_record
TN:
SF:/Users/monpro/Desktop/git_warehouse/mon-axios/src/helpers/url.ts
FN:8,encode
FN:19,buildUrl
FN:38,(anonymous_2)
FN:50,(anonymous_3)
FN:78,resolveURL
FN:88,isURLSameOrigin
FNF:6
FNH:0
FNDA:0,encode
FNDA:0,buildUrl
FNDA:0,(anonymous_2)
FNDA:0,(anonymous_3)
FNDA:0,resolveURL
FNDA:0,isURLSameOrigin
DA:1,0
DA:9,0
DA:19,0
DA:24,0
DA:25,0
DA:30,0
DA:31,0
DA:32,0
DA:33,0
DA:34,0
DA:36,0
DA:38,0
DA:39,0
DA:40,0
DA:41,0
DA:43,0
DA:44,0
DA:45,0
DA:46,0
DA:48,0
DA:50,0
DA:51,0
DA:52,0
DA:53,0
DA:54,0
DA:56,0
DA:60,0
DA:63,0
DA:64,0
DA:65,0
DA:66,0
DA:69,0
DA:72,0
DA:75,0
DA:76,0
DA:79,0
DA:80,0
DA:82,0
DA:88,0
DA:89,0
DA:90,0
LF:41
LH:0
BRDA:24,0,0,0
BRDA:24,0,1,0
BRDA:30,1,0,0
BRDA:30,1,1,0
BRDA:33,2,0,0
BRDA:33,2,1,0
BRDA:40,3,0,0
BRDA:40,3,1,0
BRDA:40,4,0,0
BRDA:40,4,1,0
BRDA:44,5,0,0
BRDA:44,5,1,0
BRDA:51,6,0,0
BRDA:51,6,1,0
BRDA:53,7,0,0
BRDA:53,7,1,0
BRDA:63,8,0,0
BRDA:63,8,1,0
BRDA:65,9,0,0
BRDA:65,9,1,0
BRDA:69,10,0,0
BRDA:69,10,1,0
BRDA:91,11,0,0
BRDA:91,11,1,0
BRF:24
BRH:0
end_of_record
TN:
SF:/Users/monpro/Desktop/git_warehouse/mon-axios/src/helpers/util.ts
FN:3,isFormData
FN:7,isDate
FN:11,isObject
FN:15,isPlainObject
FN:19,extend
FN:26,deepMerge
FN:29,(anonymous_6)
FN:31,(anonymous_7)
FN:49,isURLSearchParams
FN:53,isAbsoluteURL
FN:57,combineURL
FNF:11
FNH:8
FNDA:2,isFormData
FNDA:1,isDate
FNDA:0,isObject
FNDA:24,isPlainObject
FNDA:2,extend
FNDA:14,deepMerge
FNDA:30,(anonymous_6)
FNDA:18,(anonymous_7)
FNDA:2,isURLSearchParams
FNDA:0,isAbsoluteURL
FNDA:0,combineURL
DA:1,1
DA:3,1
DA:4,2
DA:7,1
DA:8,1
DA:11,1
DA:12,0
DA:15,1
DA:16,24
DA:19,1
DA:20,2
DA:21,2
DA:23,2
DA:26,58
DA:27,14
DA:29,14
DA:30,30
DA:31,22
DA:32,18
DA:33,18
DA:34,4
DA:35,1
DA:37,3
DA:40,14
DA:46,14
DA:49,1
DA:50,2
DA:53,1
DA:54,0
DA:57,1
DA:58,0
LF:31
LH:28
BRDA:4,0,0,2
BRDA:4,0,1,2
BRDA:12,1,0,0
BRDA:12,1,1,0
BRDA:30,2,0,22
BRDA:30,2,1,8
BRDA:33,3,0,4
BRDA:33,3,1,14
BRDA:34,4,0,1
BRDA:34,4,1,3
BRDA:50,5,0,2
BRDA:50,5,1,2
BRDA:59,6,0,0
BRDA:59,6,1,0
BRF:14
BRH:10
end_of_record
